
Oct 08, 2018 18:34:40.13 NEW SESSION
Oct 08, 2018 18:34:40.13 [12848:10956:1008/183440.125:ERROR:in_progress_cache_impl.cc(192)] Cache is not initialized, cannot RetrieveEntry.
Oct 08, 2018 18:34:40.21 [12848:10956:1008/183440.125:ERROR:in_progress_cache_impl.cc(192)] Cache is not initialized, cannot RetrieveEntry.
Oct 08, 2018 18:34:40.25 [12848:10956:1008/183440.125:ERROR:in_progress_cache_impl.cc(192)] Cache is not initialized, cannot RetrieveEntry.
Oct 08, 2018 18:34:40.29 [12848:10956:1008/183440.125:ERROR:in_progress_cache_impl.cc(192)] Cache is not initialized, cannot RetrieveEntry.
Oct 08, 2018 18:34:40.30 [12848:10956:1008/183440.125:ERROR:in_progress_cache_impl.cc(192)] Cache is not initialized, cannot RetrieveEntry.
Oct 08, 2018 18:34:40.31 [12848:10956:1008/183440.125:ERROR:in_progress_cache_impl.cc(192)] Cache is not initialized, cannot RetrieveEntry.
Oct 08, 2018 18:34:40.36 [12848:10956:1008/183440.125:ERROR:in_progress_cache_impl.cc(192)] Cache is not initialized, cannot RetrieveEntry.
Oct 08, 2018 18:34:40.37 [12848:10956:1008/183440.125:ERROR:in_progress_cache_impl.cc(192)] Cache is not initialized, cannot RetrieveEntry.
Oct 08, 2018 18:34:40.40 [12848:10956:1008/183440.125:ERROR:in_progress_cache_impl.cc(192)] Cache is not initialized, cannot RetrieveEntry.
Oct 08, 2018 18:34:40.44 [12848:10956:1008/183440.125:ERROR:in_progress_cache_impl.cc(192)] Cache is not initialized, cannot RetrieveEntry.
Oct 08, 2018 18:34:40.45 [12848:10956:1008/183440.125:ERROR:in_progress_cache_impl.cc(192)] Cache is not initialized, cannot RetrieveEntry.
Oct 08, 2018 18:34:40.46 [12848:10956:1008/183440.125:ERROR:in_progress_cache_impl.cc(192)] Cache is not initialized, cannot RetrieveEntry.
Oct 08, 2018 18:34:40.48 [12848:10956:1008/183440.125:ERROR:in_progress_cache_impl.cc(192)] Cache is not initialized, cannot RetrieveEntry.
Oct 08, 2018 18:34:40.49 [12848:10956:1008/183440.125:ERROR:in_progress_cache_impl.cc(192)] Cache is not initialized, cannot RetrieveEntry.
Oct 08, 2018 18:34:40.51 [12848:10956:1008/183440.125:ERROR:in_progress_cache_impl.cc(192)] Cache is not initialized, cannot RetrieveEntry.
Oct 08, 2018 18:34:40.52 [12848:10956:1008/183440.125:ERROR:in_progress_cache_impl.cc(192)] Cache is not initialized, cannot RetrieveEntry.
Oct 08, 2018 18:34:40.54 [12848:10956:1008/183440.125:ERROR:in_progress_cache_impl.cc(192)] Cache is not initialized, cannot RetrieveEntry.
Oct 08, 2018 18:34:40.55 [12848:10956:1008/183440.125:ERROR:in_progress_cache_impl.cc(192)] Cache is not initialized, cannot RetrieveEntry.
Oct 08, 2018 18:34:40.55 [12848:10956:1008/183440.125:ERROR:in_progress_cache_impl.cc(192)] Cache is not initialized, cannot RetrieveEntry.
Oct 08, 2018 18:34:40.56 [12848:10956:1008/183440.125:ERROR:in_progress_cache_impl.cc(192)] Cache is not initialized, cannot RetrieveEntry.
Oct 08, 2018 18:34:40.57 [12848:10956:1008/183440.125:ERROR:in_progress_cache_impl.cc(192)] Cache is not initialized, cannot RetrieveEntry.
Oct 08, 2018 18:34:40.57 [12848:10956:1008/183440.125:ERROR:in_progress_cache_impl.cc(192)] Cache is not initialized, cannot RetrieveEntry.
Oct 08, 2018 18:40:05.24 [7716:1108:1008/184005.244:ERROR:in_progress_cache_impl.cc(192)] Cache is not initialized, cannot RetrieveEntry.
Oct 08, 2018 18:40:05.27 [7716:1108:1008/184005.244:ERROR:in_progress_cache_impl.cc(192)] Cache is not initialized, cannot RetrieveEntry.
Oct 08, 2018 18:40:05.28 [7716:1108:1008/184005.244:ERROR:in_progress_cache_impl.cc(192)] Cache is not initialized, cannot RetrieveEntry.
Oct 08, 2018 18:40:05.29 [7716:1108:1008/184005.244:ERROR:in_progress_cache_impl.cc(192)] Cache is not initialized, cannot RetrieveEntry.
Oct 08, 2018 18:40:05.30 [7716:1108:1008/184005.244:ERROR:in_progress_cache_impl.cc(192)] Cache is not initialized, cannot RetrieveEntry.
Oct 08, 2018 18:40:05.31 [7716:1108:1008/184005.244:ERROR:in_progress_cache_impl.cc(192)] Cache is not initialized, cannot RetrieveEntry.
Oct 08, 2018 18:40:05.31 [7716:1108:1008/184005.244:ERROR:in_progress_cache_impl.cc(192)] Cache is not initialized, cannot RetrieveEntry.
Oct 08, 2018 18:40:05.32 [7716:1108:1008/184005.244:ERROR:in_progress_cache_impl.cc(192)] Cache is not initialized, cannot RetrieveEntry.
Oct 08, 2018 18:40:05.33 [7716:1108:1008/184005.244:ERROR:in_progress_cache_impl.cc(192)] Cache is not initialized, cannot RetrieveEntry.
Oct 08, 2018 18:40:05.34 [7716:1108:1008/184005.244:ERROR:in_progress_cache_impl.cc(192)] Cache is not initialized, cannot RetrieveEntry.
Oct 08, 2018 18:40:05.34 [7716:1108:1008/184005.244:ERROR:in_progress_cache_impl.cc(192)] Cache is not initialized, cannot RetrieveEntry.
Oct 08, 2018 18:40:05.35 [7716:1108:1008/184005.244:ERROR:in_progress_cache_impl.cc(192)] Cache is not initialized, cannot RetrieveEntry.
Oct 08, 2018 18:40:05.36 [7716:1108:1008/184005.244:ERROR:in_progress_cache_impl.cc(192)] Cache is not initialized, cannot RetrieveEntry.
Oct 08, 2018 18:40:05.37 [7716:1108:1008/184005.244:ERROR:in_progress_cache_impl.cc(192)] Cache is not initialized, cannot RetrieveEntry.
Oct 08, 2018 18:40:05.38 [7716:1108:1008/184005.244:ERROR:in_progress_cache_impl.cc(192)] Cache is not initialized, cannot RetrieveEntry.
Oct 08, 2018 18:40:05.39 [7716:1108:1008/184005.244:ERROR:in_progress_cache_impl.cc(192)] Cache is not initialized, cannot RetrieveEntry.
Oct 08, 2018 18:40:05.40 [7716:1108:1008/184005.244:ERROR:in_progress_cache_impl.cc(192)] Cache is not initialized, cannot RetrieveEntry.
Oct 08, 2018 18:40:05.41 [7716:1108:1008/184005.244:ERROR:in_progress_cache_impl.cc(192)] Cache is not initialized, cannot RetrieveEntry.
Oct 08, 2018 18:40:05.42 [7716:1108:1008/184005.244:ERROR:in_progress_cache_impl.cc(192)] Cache is not initialized, cannot RetrieveEntry.
Oct 08, 2018 18:40:05.43 [7716:1108:1008/184005.244:ERROR:in_progress_cache_impl.cc(192)] Cache is not initialized, cannot RetrieveEntry.
Oct 08, 2018 18:40:05.44 [7716:1108:1008/184005.244:ERROR:in_progress_cache_impl.cc(192)] Cache is not initialized, cannot RetrieveEntry.
Oct 08, 2018 18:40:05.44 [7716:1108:1008/184005.244:ERROR:in_progress_cache_impl.cc(192)] Cache is not initialized, cannot RetrieveEntry.

Oct 09, 2018 09:31:48.04 NEW SESSION
Oct 09, 2018 09:31:48.05 [7740:6004:1009/093148.049:ERROR:connection_factory_impl.cc(396)] Failed to connect to MCS endpoint with error -106
Oct 09, 2018 09:32:45.62 [11128:8284:1009/093245.626:ERROR:in_progress_cache_impl.cc(192)] Cache is not initialized, cannot RetrieveEntry.
Oct 09, 2018 09:32:45.67 [11128:8284:1009/093245.626:ERROR:in_progress_cache_impl.cc(192)] Cache is not initialized, cannot RetrieveEntry.
Oct 09, 2018 09:32:45.69 [11128:8284:1009/093245.626:ERROR:in_progress_cache_impl.cc(192)] Cache is not initialized, cannot RetrieveEntry.
Oct 09, 2018 09:32:45.70 [11128:8284:1009/093245.626:ERROR:in_progress_cache_impl.cc(192)] Cache is not initialized, cannot RetrieveEntry.
Oct 09, 2018 09:32:45.72 [11128:8284:1009/093245.626:ERROR:in_progress_cache_impl.cc(192)] Cache is not initialized, cannot RetrieveEntry.
Oct 09, 2018 09:32:45.72 [11128:8284:1009/093245.626:ERROR:in_progress_cache_impl.cc(192)] Cache is not initialized, cannot RetrieveEntry.
Oct 09, 2018 09:32:45.77 [11128:8284:1009/093245.626:ERROR:in_progress_cache_impl.cc(192)] Cache is not initialized, cannot RetrieveEntry.
Oct 09, 2018 09:32:45.80 [11128:8284:1009/093245.626:ERROR:in_progress_cache_impl.cc(192)] Cache is not initialized, cannot RetrieveEntry.
Oct 09, 2018 09:32:45.84 [11128:8284:1009/093245.626:ERROR:in_progress_cache_impl.cc(192)] Cache is not initialized, cannot RetrieveEntry.
Oct 09, 2018 09:32:45.91 [11128:8284:1009/093245.626:ERROR:in_progress_cache_impl.cc(192)] Cache is not initialized, cannot RetrieveEntry.
Oct 09, 2018 09:32:45.93 [11128:8284:1009/093245.627:ERROR:in_progress_cache_impl.cc(192)] Cache is not initialized, cannot RetrieveEntry.
Oct 09, 2018 09:32:45.93 [11128:8284:1009/093245.627:ERROR:in_progress_cache_impl.cc(192)] Cache is not initialized, cannot RetrieveEntry.
Oct 09, 2018 09:32:45.94 [11128:8284:1009/093245.627:ERROR:in_progress_cache_impl.cc(192)] Cache is not initialized, cannot RetrieveEntry.
Oct 09, 2018 09:32:45.95 [11128:8284:1009/093245.627:ERROR:in_progress_cache_impl.cc(192)] Cache is not initialized, cannot RetrieveEntry.
Oct 09, 2018 09:32:45.96 [11128:8284:1009/093245.627:ERROR:in_progress_cache_impl.cc(192)] Cache is not initialized, cannot RetrieveEntry.
Oct 09, 2018 09:32:45.97 [11128:8284:1009/093245.627:ERROR:in_progress_cache_impl.cc(192)] Cache is not initialized, cannot RetrieveEntry.
Oct 09, 2018 09:32:45.98 [11128:8284:1009/093245.627:ERROR:in_progress_cache_impl.cc(192)] Cache is not initialized, cannot RetrieveEntry.
Oct 09, 2018 09:32:45.98 [11128:8284:1009/093245.627:ERROR:in_progress_cache_impl.cc(192)] Cache is not initialized, cannot RetrieveEntry.
Oct 09, 2018 09:32:45.99 [11128:8284:1009/093245.627:ERROR:in_progress_cache_impl.cc(192)] Cache is not initialized, cannot RetrieveEntry.
Oct 09, 2018 09:32:46.00 [11128:8284:1009/093245.627:ERROR:in_progress_cache_impl.cc(192)] Cache is not initialized, cannot RetrieveEntry.
Oct 09, 2018 09:32:46.00 [11128:8284:1009/093245.627:ERROR:in_progress_cache_impl.cc(192)] Cache is not initialized, cannot RetrieveEntry.
Oct 09, 2018 09:32:46.01 [11128:8284:1009/093245.627:ERROR:in_progress_cache_impl.cc(192)] Cache is not initialized, cannot RetrieveEntry.
Oct 09, 2018 09:32:46.63 [11128:7016:1009/093246.638:ERROR:connection_factory_impl.cc(396)] Failed to connect to MCS endpoint with error -106
Oct 09, 2018 09:34:49.83 [10016:1948:1009/093449.830:ERROR:in_progress_cache_impl.cc(192)] Cache is not initialized, cannot RetrieveEntry.
Oct 09, 2018 09:34:49.86 [10016:1948:1009/093449.830:ERROR:in_progress_cache_impl.cc(192)] Cache is not initialized, cannot RetrieveEntry.
Oct 09, 2018 09:34:49.93 [10016:1948:1009/093449.830:ERROR:in_progress_cache_impl.cc(192)] Cache is not initialized, cannot RetrieveEntry.
Oct 09, 2018 09:34:50.02 [10016:1948:1009/093449.830:ERROR:in_progress_cache_impl.cc(192)] Cache is not initialized, cannot RetrieveEntry.
Oct 09, 2018 09:34:50.03 [10016:1948:1009/093449.830:ERROR:in_progress_cache_impl.cc(192)] Cache is not initialized, cannot RetrieveEntry.
Oct 09, 2018 09:34:50.08 [10016:1948:1009/093449.830:ERROR:in_progress_cache_impl.cc(192)] Cache is not initialized, cannot RetrieveEntry.
Oct 09, 2018 09:34:50.12 [10016:1948:1009/093449.831:ERROR:in_progress_cache_impl.cc(192)] Cache is not initialized, cannot RetrieveEntry.
Oct 09, 2018 09:34:50.14 [10016:1948:1009/093449.831:ERROR:in_progress_cache_impl.cc(192)] Cache is not initialized, cannot RetrieveEntry.
Oct 09, 2018 09:34:50.16 [10016:1948:1009/093449.831:ERROR:in_progress_cache_impl.cc(192)] Cache is not initialized, cannot RetrieveEntry.
Oct 09, 2018 09:34:50.17 [10016:1948:1009/093449.831:ERROR:in_progress_cache_impl.cc(192)] Cache is not initialized, cannot RetrieveEntry.
Oct 09, 2018 09:34:50.19 [10016:1948:1009/093449.831:ERROR:in_progress_cache_impl.cc(192)] Cache is not initialized, cannot RetrieveEntry.
Oct 09, 2018 09:34:50.21 [10016:1948:1009/093449.831:ERROR:in_progress_cache_impl.cc(192)] Cache is not initialized, cannot RetrieveEntry.
Oct 09, 2018 09:34:50.23 [10016:1948:1009/093449.831:ERROR:in_progress_cache_impl.cc(192)] Cache is not initialized, cannot RetrieveEntry.
Oct 09, 2018 09:34:50.23 [10016:1948:1009/093449.831:ERROR:in_progress_cache_impl.cc(192)] Cache is not initialized, cannot RetrieveEntry.
Oct 09, 2018 09:34:50.25 [10016:1948:1009/093449.831:ERROR:in_progress_cache_impl.cc(192)] Cache is not initialized, cannot RetrieveEntry.
Oct 09, 2018 09:34:50.25 [10016:1948:1009/093449.831:ERROR:in_progress_cache_impl.cc(192)] Cache is not initialized, cannot RetrieveEntry.
Oct 09, 2018 09:34:50.26 [10016:1948:1009/093449.831:ERROR:in_progress_cache_impl.cc(192)] Cache is not initialized, cannot RetrieveEntry.
Oct 09, 2018 09:34:50.27 [10016:1948:1009/093449.831:ERROR:in_progress_cache_impl.cc(192)] Cache is not initialized, cannot RetrieveEntry.
Oct 09, 2018 09:34:50.28 [10016:1948:1009/093449.831:ERROR:in_progress_cache_impl.cc(192)] Cache is not initialized, cannot RetrieveEntry.
Oct 09, 2018 09:34:50.28 [10016:1948:1009/093449.831:ERROR:in_progress_cache_impl.cc(192)] Cache is not initialized, cannot RetrieveEntry.
Oct 09, 2018 09:34:50.29 [10016:1948:1009/093449.831:ERROR:in_progress_cache_impl.cc(192)] Cache is not initialized, cannot RetrieveEntry.
Oct 09, 2018 09:34:50.30 [10016:1948:1009/093449.831:ERROR:in_progress_cache_impl.cc(192)] Cache is not initialized, cannot RetrieveEntry.
Oct 09, 2018 09:34:50.82 [10016:13160:1009/093450.828:ERROR:connection_factory_impl.cc(396)] Failed to connect to MCS endpoint with error -106
Oct 09, 2018 09:36:19.17 [10352:10436:1009/093619.159:ERROR:in_progress_cache_impl.cc(192)] Cache is not initialized, cannot RetrieveEntry.
Oct 09, 2018 09:36:19.24 [10352:10436:1009/093619.159:ERROR:in_progress_cache_impl.cc(192)] Cache is not initialized, cannot RetrieveEntry.
Oct 09, 2018 09:36:19.34 [10352:10436:1009/093619.159:ERROR:in_progress_cache_impl.cc(192)] Cache is not initialized, cannot RetrieveEntry.
Oct 09, 2018 09:36:19.36 [10352:10436:1009/093619.159:ERROR:in_progress_cache_impl.cc(192)] Cache is not initialized, cannot RetrieveEntry.
Oct 09, 2018 09:36:19.38 [10352:10436:1009/093619.159:ERROR:in_progress_cache_impl.cc(192)] Cache is not initialized, cannot RetrieveEntry.
Oct 09, 2018 09:36:19.42 [10352:10436:1009/093619.159:ERROR:in_progress_cache_impl.cc(192)] Cache is not initialized, cannot RetrieveEntry.
Oct 09, 2018 09:36:19.45 [10352:10436:1009/093619.159:ERROR:in_progress_cache_impl.cc(192)] Cache is not initialized, cannot RetrieveEntry.
Oct 09, 2018 09:36:19.47 [10352:10436:1009/093619.159:ERROR:in_progress_cache_impl.cc(192)] Cache is not initialized, cannot RetrieveEntry.
Oct 09, 2018 09:36:19.48 [10352:10436:1009/093619.159:ERROR:in_progress_cache_impl.cc(192)] Cache is not initialized, cannot RetrieveEntry.
Oct 09, 2018 09:36:19.49 [10352:10436:1009/093619.159:ERROR:in_progress_cache_impl.cc(192)] Cache is not initialized, cannot RetrieveEntry.
Oct 09, 2018 09:36:19.50 [10352:10436:1009/093619.159:ERROR:in_progress_cache_impl.cc(192)] Cache is not initialized, cannot RetrieveEntry.
Oct 09, 2018 09:36:19.51 [10352:10436:1009/093619.159:ERROR:in_progress_cache_impl.cc(192)] Cache is not initialized, cannot RetrieveEntry.
Oct 09, 2018 09:36:19.52 [10352:10436:1009/093619.159:ERROR:in_progress_cache_impl.cc(192)] Cache is not initialized, cannot RetrieveEntry.
Oct 09, 2018 09:36:19.54 [10352:10436:1009/093619.159:ERROR:in_progress_cache_impl.cc(192)] Cache is not initialized, cannot RetrieveEntry.
Oct 09, 2018 09:36:19.55 [10352:10436:1009/093619.159:ERROR:in_progress_cache_impl.cc(192)] Cache is not initialized, cannot RetrieveEntry.
Oct 09, 2018 09:36:19.55 [10352:10436:1009/093619.159:ERROR:in_progress_cache_impl.cc(192)] Cache is not initialized, cannot RetrieveEntry.
Oct 09, 2018 09:36:19.56 [10352:10436:1009/093619.159:ERROR:in_progress_cache_impl.cc(192)] Cache is not initialized, cannot RetrieveEntry.
Oct 09, 2018 09:36:19.57 [10352:10436:1009/093619.159:ERROR:in_progress_cache_impl.cc(192)] Cache is not initialized, cannot RetrieveEntry.
Oct 09, 2018 09:36:19.58 [10352:10436:1009/093619.159:ERROR:in_progress_cache_impl.cc(192)] Cache is not initialized, cannot RetrieveEntry.
Oct 09, 2018 09:36:19.59 [10352:10436:1009/093619.160:ERROR:in_progress_cache_impl.cc(192)] Cache is not initialized, cannot RetrieveEntry.
Oct 09, 2018 09:36:19.60 [10352:10436:1009/093619.160:ERROR:in_progress_cache_impl.cc(192)] Cache is not initialized, cannot RetrieveEntry.
Oct 09, 2018 09:36:19.61 [10352:10436:1009/093619.160:ERROR:in_progress_cache_impl.cc(192)] Cache is not initialized, cannot RetrieveEntry.
Oct 09, 2018 09:36:20.24 [10352:2836:1009/093620.240:ERROR:connection_factory_impl.cc(396)] Failed to connect to MCS endpoint with error -106
Oct 09, 2018 09:36:47.81 [10352:2836:1009/093647.810:ERROR:connection_factory_impl.cc(396)] Failed to connect to MCS endpoint with error -106
Oct 09, 2018 10:42:06.58 [2840:8952:1009/104206.581:ERROR:in_progress_cache_impl.cc(192)] Cache is not initialized, cannot RetrieveEntry.
Oct 09, 2018 10:42:06.61 [2840:8952:1009/104206.581:ERROR:in_progress_cache_impl.cc(192)] Cache is not initialized, cannot RetrieveEntry.
Oct 09, 2018 10:42:06.64 [2840:8952:1009/104206.581:ERROR:in_progress_cache_impl.cc(192)] Cache is not initialized, cannot RetrieveEntry.
Oct 09, 2018 10:42:06.65 [2840:8952:1009/104206.581:ERROR:in_progress_cache_impl.cc(192)] Cache is not initialized, cannot RetrieveEntry.
Oct 09, 2018 10:42:06.67 [2840:8952:1009/104206.581:ERROR:in_progress_cache_impl.cc(192)] Cache is not initialized, cannot RetrieveEntry.
Oct 09, 2018 10:42:06.73 [2840:8952:1009/104206.582:ERROR:in_progress_cache_impl.cc(192)] Cache is not initialized, cannot RetrieveEntry.
Oct 09, 2018 10:42:06.78 [2840:8952:1009/104206.582:ERROR:in_progress_cache_impl.cc(192)] Cache is not initialized, cannot RetrieveEntry.
Oct 09, 2018 10:42:06.80 [2840:8952:1009/104206.582:ERROR:in_progress_cache_impl.cc(192)] Cache is not initialized, cannot RetrieveEntry.
Oct 09, 2018 10:42:06.83 [2840:8952:1009/104206.582:ERROR:in_progress_cache_impl.cc(192)] Cache is not initialized, cannot RetrieveEntry.
Oct 09, 2018 10:42:06.85 [2840:8952:1009/104206.582:ERROR:in_progress_cache_impl.cc(192)] Cache is not initialized, cannot RetrieveEntry.
Oct 09, 2018 10:42:06.85 [2840:8952:1009/104206.582:ERROR:in_progress_cache_impl.cc(192)] Cache is not initialized, cannot RetrieveEntry.
Oct 09, 2018 10:42:06.89 [2840:8952:1009/104206.582:ERROR:in_progress_cache_impl.cc(192)] Cache is not initialized, cannot RetrieveEntry.
Oct 09, 2018 10:42:06.91 [2840:8952:1009/104206.582:ERROR:in_progress_cache_impl.cc(192)] Cache is not initialized, cannot RetrieveEntry.
Oct 09, 2018 10:42:06.92 [2840:8952:1009/104206.582:ERROR:in_progress_cache_impl.cc(192)] Cache is not initialized, cannot RetrieveEntry.
Oct 09, 2018 10:42:06.92 [2840:8952:1009/104206.582:ERROR:in_progress_cache_impl.cc(192)] Cache is not initialized, cannot RetrieveEntry.
Oct 09, 2018 10:42:06.93 [2840:8952:1009/104206.582:ERROR:in_progress_cache_impl.cc(192)] Cache is not initialized, cannot RetrieveEntry.
Oct 09, 2018 10:42:06.94 [2840:8952:1009/104206.582:ERROR:in_progress_cache_impl.cc(192)] Cache is not initialized, cannot RetrieveEntry.
Oct 09, 2018 10:42:06.95 [2840:8952:1009/104206.582:ERROR:in_progress_cache_impl.cc(192)] Cache is not initialized, cannot RetrieveEntry.
Oct 09, 2018 10:42:06.96 [2840:8952:1009/104206.582:ERROR:in_progress_cache_impl.cc(192)] Cache is not initialized, cannot RetrieveEntry.
Oct 09, 2018 10:42:06.96 [2840:8952:1009/104206.582:ERROR:in_progress_cache_impl.cc(192)] Cache is not initialized, cannot RetrieveEntry.
Oct 09, 2018 10:42:06.97 [2840:8952:1009/104206.582:ERROR:in_progress_cache_impl.cc(192)] Cache is not initialized, cannot RetrieveEntry.
Oct 09, 2018 10:42:06.98 [2840:8952:1009/104206.582:ERROR:in_progress_cache_impl.cc(192)] Cache is not initialized, cannot RetrieveEntry.
Oct 09, 2018 10:42:07.59 [2840:3164:1009/104207.595:ERROR:connection_factory_impl.cc(396)] Failed to connect to MCS endpoint with error -106
Oct 09, 2018 10:42:38.29 [10916:11360:1009/104238.286:ERROR:in_progress_cache_impl.cc(192)] Cache is not initialized, cannot RetrieveEntry.
Oct 09, 2018 10:42:38.33 [10916:11360:1009/104238.286:ERROR:in_progress_cache_impl.cc(192)] Cache is not initialized, cannot RetrieveEntry.
Oct 09, 2018 10:42:38.34 [10916:11360:1009/104238.286:ERROR:in_progress_cache_impl.cc(192)] Cache is not initialized, cannot RetrieveEntry.
Oct 09, 2018 10:42:38.41 [10916:11360:1009/104238.286:ERROR:in_progress_cache_impl.cc(192)] Cache is not initialized, cannot RetrieveEntry.
Oct 09, 2018 10:42:38.45 [10916:11360:1009/104238.286:ERROR:in_progress_cache_impl.cc(192)] Cache is not initialized, cannot RetrieveEntry.
Oct 09, 2018 10:42:38.47 [10916:11360:1009/104238.286:ERROR:in_progress_cache_impl.cc(192)] Cache is not initialized, cannot RetrieveEntry.
Oct 09, 2018 10:42:38.50 [10916:11360:1009/104238.286:ERROR:in_progress_cache_impl.cc(192)] Cache is not initialized, cannot RetrieveEntry.
Oct 09, 2018 10:42:38.54 [10916:11360:1009/104238.286:ERROR:in_progress_cache_impl.cc(192)] Cache is not initialized, cannot RetrieveEntry.
Oct 09, 2018 10:42:38.57 [10916:11360:1009/104238.286:ERROR:in_progress_cache_impl.cc(192)] Cache is not initialized, cannot RetrieveEntry.
Oct 09, 2018 10:42:38.60 [10916:11360:1009/104238.286:ERROR:in_progress_cache_impl.cc(192)] Cache is not initialized, cannot RetrieveEntry.
Oct 09, 2018 10:42:38.61 [10916:11360:1009/104238.286:ERROR:in_progress_cache_impl.cc(192)] Cache is not initialized, cannot RetrieveEntry.
Oct 09, 2018 10:42:38.62 [10916:11360:1009/104238.286:ERROR:in_progress_cache_impl.cc(192)] Cache is not initialized, cannot RetrieveEntry.
Oct 09, 2018 10:42:38.63 [10916:11360:1009/104238.286:ERROR:in_progress_cache_impl.cc(192)] Cache is not initialized, cannot RetrieveEntry.
Oct 09, 2018 10:42:38.64 [10916:11360:1009/104238.286:ERROR:in_progress_cache_impl.cc(192)] Cache is not initialized, cannot RetrieveEntry.
Oct 09, 2018 10:42:38.65 [10916:11360:1009/104238.286:ERROR:in_progress_cache_impl.cc(192)] Cache is not initialized, cannot RetrieveEntry.
Oct 09, 2018 10:42:38.65 [10916:11360:1009/104238.286:ERROR:in_progress_cache_impl.cc(192)] Cache is not initialized, cannot RetrieveEntry.
Oct 09, 2018 10:42:38.66 [10916:11360:1009/104238.286:ERROR:in_progress_cache_impl.cc(192)] Cache is not initialized, cannot RetrieveEntry.
Oct 09, 2018 10:42:38.67 [10916:11360:1009/104238.286:ERROR:in_progress_cache_impl.cc(192)] Cache is not initialized, cannot RetrieveEntry.
Oct 09, 2018 10:42:38.67 [10916:11360:1009/104238.286:ERROR:in_progress_cache_impl.cc(192)] Cache is not initialized, cannot RetrieveEntry.
Oct 09, 2018 10:42:38.68 [10916:11360:1009/104238.286:ERROR:in_progress_cache_impl.cc(192)] Cache is not initialized, cannot RetrieveEntry.
Oct 09, 2018 10:42:38.69 [10916:11360:1009/104238.286:ERROR:in_progress_cache_impl.cc(192)] Cache is not initialized, cannot RetrieveEntry.
Oct 09, 2018 10:42:38.70 [10916:11360:1009/104238.286:ERROR:in_progress_cache_impl.cc(192)] Cache is not initialized, cannot RetrieveEntry.
Oct 09, 2018 10:42:39.30 [10916:1144:1009/104239.303:ERROR:connection_factory_impl.cc(396)] Failed to connect to MCS endpoint with error -106
Oct 09, 2018 10:43:04.03 [10916:1144:1009/104304.031:ERROR:connection_factory_impl.cc(396)] Failed to connect to MCS endpoint with error -106
Oct 09, 2018 10:43:06.20 [10916:11360:1009/104306.209:ERROR:gcm_channel_status_request.cc(151)] GCM channel request failed.
Oct 09, 2018 10:43:34.57 [10916:11360:1009/104334.578:ERROR:gcm_channel_status_request.cc(151)] GCM channel request failed.
Oct 09, 2018 10:43:47.17 [10916:1144:1009/104347.170:ERROR:connection_factory_impl.cc(396)] Failed to connect to MCS endpoint with error -106
Oct 09, 2018 10:44:32.57 [10916:11360:1009/104432.574:ERROR:gcm_channel_status_request.cc(151)] GCM channel request failed.
Oct 09, 2018 10:45:28.18 [10916:1144:1009/104528.184:ERROR:connection_factory_impl.cc(396)] Failed to connect to MCS endpoint with error -106
Oct 09, 2018 10:51:24.39 [6592:6596:1009/105124.386:ERROR:in_progress_cache_impl.cc(192)] Cache is not initialized, cannot RetrieveEntry.
Oct 09, 2018 10:51:24.43 [6592:6596:1009/105124.386:ERROR:in_progress_cache_impl.cc(192)] Cache is not initialized, cannot RetrieveEntry.
Oct 09, 2018 10:51:24.43 [6592:6596:1009/105124.386:ERROR:in_progress_cache_impl.cc(192)] Cache is not initialized, cannot RetrieveEntry.
Oct 09, 2018 10:51:24.45 [6592:6596:1009/105124.386:ERROR:in_progress_cache_impl.cc(192)] Cache is not initialized, cannot RetrieveEntry.
Oct 09, 2018 10:51:24.51 [6592:6596:1009/105124.386:ERROR:in_progress_cache_impl.cc(192)] Cache is not initialized, cannot RetrieveEntry.
Oct 09, 2018 10:51:24.55 [6592:6596:1009/105124.386:ERROR:in_progress_cache_impl.cc(192)] Cache is not initialized, cannot RetrieveEntry.
Oct 09, 2018 10:51:24.58 [6592:6596:1009/105124.386:ERROR:in_progress_cache_impl.cc(192)] Cache is not initialized, cannot RetrieveEntry.
Oct 09, 2018 10:51:24.63 [6592:6596:1009/105124.386:ERROR:in_progress_cache_impl.cc(192)] Cache is not initialized, cannot RetrieveEntry.
Oct 09, 2018 10:51:24.66 [6592:6596:1009/105124.386:ERROR:in_progress_cache_impl.cc(192)] Cache is not initialized, cannot RetrieveEntry.
Oct 09, 2018 10:51:24.70 [6592:6596:1009/105124.386:ERROR:in_progress_cache_impl.cc(192)] Cache is not initialized, cannot RetrieveEntry.
Oct 09, 2018 10:51:24.71 [6592:6596:1009/105124.386:ERROR:in_progress_cache_impl.cc(192)] Cache is not initialized, cannot RetrieveEntry.
Oct 09, 2018 10:51:24.73 [6592:6596:1009/105124.386:ERROR:in_progress_cache_impl.cc(192)] Cache is not initialized, cannot RetrieveEntry.
Oct 09, 2018 10:51:24.74 [6592:6596:1009/105124.386:ERROR:in_progress_cache_impl.cc(192)] Cache is not initialized, cannot RetrieveEntry.
Oct 09, 2018 10:51:24.74 [6592:6596:1009/105124.386:ERROR:in_progress_cache_impl.cc(192)] Cache is not initialized, cannot RetrieveEntry.
Oct 09, 2018 10:51:24.75 [6592:6596:1009/105124.386:ERROR:in_progress_cache_impl.cc(192)] Cache is not initialized, cannot RetrieveEntry.
Oct 09, 2018 10:51:24.76 [6592:6596:1009/105124.386:ERROR:in_progress_cache_impl.cc(192)] Cache is not initialized, cannot RetrieveEntry.
Oct 09, 2018 10:51:24.77 [6592:6596:1009/105124.386:ERROR:in_progress_cache_impl.cc(192)] Cache is not initialized, cannot RetrieveEntry.
Oct 09, 2018 10:51:24.78 [6592:6596:1009/105124.386:ERROR:in_progress_cache_impl.cc(192)] Cache is not initialized, cannot RetrieveEntry.
Oct 09, 2018 10:51:24.79 [6592:6596:1009/105124.386:ERROR:in_progress_cache_impl.cc(192)] Cache is not initialized, cannot RetrieveEntry.
Oct 09, 2018 10:51:24.80 [6592:6596:1009/105124.386:ERROR:in_progress_cache_impl.cc(192)] Cache is not initialized, cannot RetrieveEntry.
Oct 09, 2018 10:51:24.80 [6592:6596:1009/105124.386:ERROR:in_progress_cache_impl.cc(192)] Cache is not initialized, cannot RetrieveEntry.
Oct 09, 2018 10:51:24.81 [6592:6596:1009/105124.386:ERROR:in_progress_cache_impl.cc(192)] Cache is not initialized, cannot RetrieveEntry.
Oct 09, 2018 10:51:25.39 [6592:3568:1009/105125.396:ERROR:connection_factory_impl.cc(396)] Failed to connect to MCS endpoint with error -106
Oct 09, 2018 10:51:49.49 [6592:3568:1009/105149.490:ERROR:connection_factory_impl.cc(396)] Failed to connect to MCS endpoint with error -106
Oct 09, 2018 10:52:37.04 [6592:3568:1009/105237.047:ERROR:connection_factory_impl.cc(396)] Failed to connect to MCS endpoint with error -106
Oct 09, 2018 10:54:09.82 [6592:3568:1009/105409.824:ERROR:connection_factory_impl.cc(396)] Failed to connect to MCS endpoint with error -106
Oct 09, 2018 10:57:11.20 [6592:3568:1009/105711.201:ERROR:connection_factory_impl.cc(396)] Failed to connect to MCS endpoint with error -106
Oct 09, 2018 11:02:44.30 [6592:6596:1009/110244.303:ERROR:gcm_channel_status_request.cc(151)] GCM channel request failed.
Oct 09, 2018 11:03:11.41 [6592:3568:1009/110311.412:ERROR:connection_factory_impl.cc(396)] Failed to connect to MCS endpoint with error -106
Oct 09, 2018 11:03:12.30 [6592:6596:1009/110312.304:ERROR:gcm_channel_status_request.cc(151)] GCM channel request failed.
Oct 09, 2018 11:04:09.34 [6592:6596:1009/110409.347:ERROR:gcm_channel_status_request.cc(151)] GCM channel request failed.
Oct 09, 2018 11:05:31.36 [6592:6596:1009/110531.365:ERROR:gcm_channel_status_request.cc(151)] GCM channel request failed.

Oct 09, 2018 11:16:02.59 NEW SESSION
Oct 09, 2018 11:16:02.59 [7236:2524:1009/111602.576:ERROR:in_progress_cache_impl.cc(192)] Cache is not initialized, cannot RetrieveEntry.
Oct 09, 2018 11:16:02.65 [7236:2524:1009/111602.576:ERROR:in_progress_cache_impl.cc(192)] Cache is not initialized, cannot RetrieveEntry.
Oct 09, 2018 11:16:02.67 [7236:2524:1009/111602.576:ERROR:in_progress_cache_impl.cc(192)] Cache is not initialized, cannot RetrieveEntry.
Oct 09, 2018 11:16:02.74 [7236:2524:1009/111602.576:ERROR:in_progress_cache_impl.cc(192)] Cache is not initialized, cannot RetrieveEntry.
Oct 09, 2018 11:16:02.76 [7236:2524:1009/111602.576:ERROR:in_progress_cache_impl.cc(192)] Cache is not initialized, cannot RetrieveEntry.
Oct 09, 2018 11:16:02.79 [7236:2524:1009/111602.576:ERROR:in_progress_cache_impl.cc(192)] Cache is not initialized, cannot RetrieveEntry.
Oct 09, 2018 11:16:02.87 [7236:2524:1009/111602.576:ERROR:in_progress_cache_impl.cc(192)] Cache is not initialized, cannot RetrieveEntry.
Oct 09, 2018 11:16:02.89 [7236:2524:1009/111602.576:ERROR:in_progress_cache_impl.cc(192)] Cache is not initialized, cannot RetrieveEntry.
Oct 09, 2018 11:16:02.92 [7236:2524:1009/111602.576:ERROR:in_progress_cache_impl.cc(192)] Cache is not initialized, cannot RetrieveEntry.
Oct 09, 2018 11:16:02.94 [7236:2524:1009/111602.576:ERROR:in_progress_cache_impl.cc(192)] Cache is not initialized, cannot RetrieveEntry.
Oct 09, 2018 11:16:02.96 [7236:2524:1009/111602.576:ERROR:in_progress_cache_impl.cc(192)] Cache is not initialized, cannot RetrieveEntry.
Oct 09, 2018 11:16:02.97 [7236:2524:1009/111602.576:ERROR:in_progress_cache_impl.cc(192)] Cache is not initialized, cannot RetrieveEntry.
Oct 09, 2018 11:16:02.99 [7236:2524:1009/111602.576:ERROR:in_progress_cache_impl.cc(192)] Cache is not initialized, cannot RetrieveEntry.
Oct 09, 2018 11:16:03.00 [7236:2524:1009/111602.576:ERROR:in_progress_cache_impl.cc(192)] Cache is not initialized, cannot RetrieveEntry.
Oct 09, 2018 11:16:03.01 [7236:2524:1009/111602.576:ERROR:in_progress_cache_impl.cc(192)] Cache is not initialized, cannot RetrieveEntry.
Oct 09, 2018 11:16:03.02 [7236:2524:1009/111602.576:ERROR:in_progress_cache_impl.cc(192)] Cache is not initialized, cannot RetrieveEntry.
Oct 09, 2018 11:16:03.03 [7236:2524:1009/111602.576:ERROR:in_progress_cache_impl.cc(192)] Cache is not initialized, cannot RetrieveEntry.
Oct 09, 2018 11:16:03.04 [7236:2524:1009/111602.576:ERROR:in_progress_cache_impl.cc(192)] Cache is not initialized, cannot RetrieveEntry.
Oct 09, 2018 11:16:03.05 [7236:2524:1009/111602.576:ERROR:in_progress_cache_impl.cc(192)] Cache is not initialized, cannot RetrieveEntry.
Oct 09, 2018 11:16:03.06 [7236:2524:1009/111602.576:ERROR:in_progress_cache_impl.cc(192)] Cache is not initialized, cannot RetrieveEntry.
Oct 09, 2018 11:16:03.07 [7236:2524:1009/111602.576:ERROR:in_progress_cache_impl.cc(192)] Cache is not initialized, cannot RetrieveEntry.
Oct 09, 2018 11:16:03.08 [7236:2524:1009/111602.576:ERROR:in_progress_cache_impl.cc(192)] Cache is not initialized, cannot RetrieveEntry.
Oct 09, 2018 11:16:03.65 [7236:4984:1009/111603.654:ERROR:connection_factory_impl.cc(396)] Failed to connect to MCS endpoint with error -106
Oct 09, 2018 11:16:28.03 [7236:4984:1009/111628.030:ERROR:connection_factory_impl.cc(396)] Failed to connect to MCS endpoint with error -106
Oct 09, 2018 11:17:22.35 [7236:4984:1009/111722.353:ERROR:connection_factory_impl.cc(396)] Failed to connect to MCS endpoint with error -106
Oct 09, 2018 11:18:32.27 [7236:4984:1009/111832.278:ERROR:connection_factory_impl.cc(396)] Failed to connect to MCS endpoint with error -106
Oct 09, 2018 11:21:22.88 [7236:4984:1009/112122.883:ERROR:connection_factory_impl.cc(396)] Failed to connect to MCS endpoint with error -106
Oct 09, 2018 11:24:55.50 [7236:2524:1009/112455.503:ERROR:gcm_channel_status_request.cc(151)] GCM channel request failed.
Oct 09, 2018 11:25:21.59 [7236:2524:1009/112521.598:ERROR:gcm_channel_status_request.cc(151)] GCM channel request failed.
Oct 09, 2018 11:26:20.02 [7236:2524:1009/112620.027:ERROR:gcm_channel_status_request.cc(151)] GCM channel request failed.
Oct 09, 2018 11:28:12.18 [7236:2524:1009/112812.180:ERROR:gcm_channel_status_request.cc(151)] GCM channel request failed.
Oct 09, 2018 11:28:45.74 [7236:4984:1009/112845.748:ERROR:connection_factory_impl.cc(396)] Failed to connect to MCS endpoint with error -106
Oct 09, 2018 11:31:37.83 [7236:2524:1009/113137.837:ERROR:gcm_channel_status_request.cc(151)] GCM channel request failed.
Oct 09, 2018 11:49:45.88 [5676:11088:1009/114945.883:ERROR:in_progress_cache_impl.cc(192)] Cache is not initialized, cannot RetrieveEntry.
Oct 09, 2018 11:49:45.91 [5676:11088:1009/114945.883:ERROR:in_progress_cache_impl.cc(192)] Cache is not initialized, cannot RetrieveEntry.
Oct 09, 2018 11:49:45.92 [5676:11088:1009/114945.883:ERROR:in_progress_cache_impl.cc(192)] Cache is not initialized, cannot RetrieveEntry.
Oct 09, 2018 11:49:45.94 [5676:11088:1009/114945.883:ERROR:in_progress_cache_impl.cc(192)] Cache is not initialized, cannot RetrieveEntry.
Oct 09, 2018 11:49:45.96 [5676:11088:1009/114945.883:ERROR:in_progress_cache_impl.cc(192)] Cache is not initialized, cannot RetrieveEntry.
Oct 09, 2018 11:49:45.98 [5676:11088:1009/114945.883:ERROR:in_progress_cache_impl.cc(192)] Cache is not initialized, cannot RetrieveEntry.
Oct 09, 2018 11:49:45.99 [5676:11088:1009/114945.883:ERROR:in_progress_cache_impl.cc(192)] Cache is not initialized, cannot RetrieveEntry.
Oct 09, 2018 11:49:46.00 [5676:11088:1009/114945.883:ERROR:in_progress_cache_impl.cc(192)] Cache is not initialized, cannot RetrieveEntry.
Oct 09, 2018 11:49:46.01 [5676:11088:1009/114945.883:ERROR:in_progress_cache_impl.cc(192)] Cache is not initialized, cannot RetrieveEntry.
Oct 09, 2018 11:49:46.03 [5676:11088:1009/114945.883:ERROR:in_progress_cache_impl.cc(192)] Cache is not initialized, cannot RetrieveEntry.
Oct 09, 2018 11:49:46.04 [5676:11088:1009/114945.883:ERROR:in_progress_cache_impl.cc(192)] Cache is not initialized, cannot RetrieveEntry.
Oct 09, 2018 11:49:46.07 [5676:11088:1009/114945.883:ERROR:in_progress_cache_impl.cc(192)] Cache is not initialized, cannot RetrieveEntry.
Oct 09, 2018 11:49:46.08 [5676:11088:1009/114945.883:ERROR:in_progress_cache_impl.cc(192)] Cache is not initialized, cannot RetrieveEntry.
Oct 09, 2018 11:49:46.11 [5676:11088:1009/114945.883:ERROR:in_progress_cache_impl.cc(192)] Cache is not initialized, cannot RetrieveEntry.
Oct 09, 2018 11:49:46.14 [5676:11088:1009/114945.883:ERROR:in_progress_cache_impl.cc(192)] Cache is not initialized, cannot RetrieveEntry.
Oct 09, 2018 11:49:46.18 [5676:11088:1009/114945.883:ERROR:in_progress_cache_impl.cc(192)] Cache is not initialized, cannot RetrieveEntry.
Oct 09, 2018 11:49:46.20 [5676:11088:1009/114945.883:ERROR:in_progress_cache_impl.cc(192)] Cache is not initialized, cannot RetrieveEntry.
Oct 09, 2018 11:49:46.21 [5676:11088:1009/114945.883:ERROR:in_progress_cache_impl.cc(192)] Cache is not initialized, cannot RetrieveEntry.
Oct 09, 2018 11:49:46.23 [5676:11088:1009/114945.883:ERROR:in_progress_cache_impl.cc(192)] Cache is not initialized, cannot RetrieveEntry.
Oct 09, 2018 11:49:46.26 [5676:11088:1009/114945.883:ERROR:in_progress_cache_impl.cc(192)] Cache is not initialized, cannot RetrieveEntry.
Oct 09, 2018 11:49:46.28 [5676:11088:1009/114945.883:ERROR:in_progress_cache_impl.cc(192)] Cache is not initialized, cannot RetrieveEntry.
Oct 09, 2018 11:49:46.30 [5676:11088:1009/114945.883:ERROR:in_progress_cache_impl.cc(192)] Cache is not initialized, cannot RetrieveEntry.
Oct 09, 2018 11:50:20.25 [13264:12448:1009/115020.247:ERROR:in_progress_cache_impl.cc(192)] Cache is not initialized, cannot RetrieveEntry.
Oct 09, 2018 11:50:20.29 [13264:12448:1009/115020.247:ERROR:in_progress_cache_impl.cc(192)] Cache is not initialized, cannot RetrieveEntry.
Oct 09, 2018 11:50:20.30 [13264:12448:1009/115020.247:ERROR:in_progress_cache_impl.cc(192)] Cache is not initialized, cannot RetrieveEntry.
Oct 09, 2018 11:50:20.32 [13264:12448:1009/115020.247:ERROR:in_progress_cache_impl.cc(192)] Cache is not initialized, cannot RetrieveEntry.
Oct 09, 2018 11:50:20.40 [13264:12448:1009/115020.247:ERROR:in_progress_cache_impl.cc(192)] Cache is not initialized, cannot RetrieveEntry.
Oct 09, 2018 11:50:20.43 [13264:12448:1009/115020.247:ERROR:in_progress_cache_impl.cc(192)] Cache is not initialized, cannot RetrieveEntry.
Oct 09, 2018 11:50:20.46 [13264:12448:1009/115020.247:ERROR:in_progress_cache_impl.cc(192)] Cache is not initialized, cannot RetrieveEntry.
Oct 09, 2018 11:50:20.54 [13264:12448:1009/115020.247:ERROR:in_progress_cache_impl.cc(192)] Cache is not initialized, cannot RetrieveEntry.
Oct 09, 2018 11:50:20.56 [13264:12448:1009/115020.247:ERROR:in_progress_cache_impl.cc(192)] Cache is not initialized, cannot RetrieveEntry.
Oct 09, 2018 11:50:20.57 [13264:12448:1009/115020.247:ERROR:in_progress_cache_impl.cc(192)] Cache is not initialized, cannot RetrieveEntry.
Oct 09, 2018 11:50:20.58 [13264:12448:1009/115020.247:ERROR:in_progress_cache_impl.cc(192)] Cache is not initialized, cannot RetrieveEntry.
Oct 09, 2018 11:50:20.59 [13264:12448:1009/115020.247:ERROR:in_progress_cache_impl.cc(192)] Cache is not initialized, cannot RetrieveEntry.
Oct 09, 2018 11:50:20.61 [13264:12448:1009/115020.247:ERROR:in_progress_cache_impl.cc(192)] Cache is not initialized, cannot RetrieveEntry.
Oct 09, 2018 11:50:20.62 [13264:12448:1009/115020.247:ERROR:in_progress_cache_impl.cc(192)] Cache is not initialized, cannot RetrieveEntry.
Oct 09, 2018 11:50:20.63 [13264:12448:1009/115020.247:ERROR:in_progress_cache_impl.cc(192)] Cache is not initialized, cannot RetrieveEntry.
Oct 09, 2018 11:50:20.64 [13264:12448:1009/115020.247:ERROR:in_progress_cache_impl.cc(192)] Cache is not initialized, cannot RetrieveEntry.
Oct 09, 2018 11:50:20.65 [13264:12448:1009/115020.247:ERROR:in_progress_cache_impl.cc(192)] Cache is not initialized, cannot RetrieveEntry.
Oct 09, 2018 11:50:20.66 [13264:12448:1009/115020.247:ERROR:in_progress_cache_impl.cc(192)] Cache is not initialized, cannot RetrieveEntry.
Oct 09, 2018 11:50:20.67 [13264:12448:1009/115020.247:ERROR:in_progress_cache_impl.cc(192)] Cache is not initialized, cannot RetrieveEntry.
Oct 09, 2018 11:50:20.68 [13264:12448:1009/115020.247:ERROR:in_progress_cache_impl.cc(192)] Cache is not initialized, cannot RetrieveEntry.
Oct 09, 2018 11:50:20.69 [13264:12448:1009/115020.247:ERROR:in_progress_cache_impl.cc(192)] Cache is not initialized, cannot RetrieveEntry.
Oct 09, 2018 11:50:20.70 [13264:12448:1009/115020.247:ERROR:in_progress_cache_impl.cc(192)] Cache is not initialized, cannot RetrieveEntry.

Oct 09, 2018 12:01:13.81 NEW SESSION
Oct 09, 2018 12:01:13.81 [6648:10880:1009/120113.807:ERROR:in_progress_cache_impl.cc(192)] Cache is not initialized, cannot RetrieveEntry.
Oct 09, 2018 12:01:13.84 [6648:10880:1009/120113.807:ERROR:in_progress_cache_impl.cc(192)] Cache is not initialized, cannot RetrieveEntry.
Oct 09, 2018 12:01:13.92 [6648:10880:1009/120113.807:ERROR:in_progress_cache_impl.cc(192)] Cache is not initialized, cannot RetrieveEntry.
Oct 09, 2018 12:01:13.94 [6648:10880:1009/120113.807:ERROR:in_progress_cache_impl.cc(192)] Cache is not initialized, cannot RetrieveEntry.
Oct 09, 2018 12:01:14.25 [6648:10880:1009/120113.807:ERROR:in_progress_cache_impl.cc(192)] Cache is not initialized, cannot RetrieveEntry.
Oct 09, 2018 12:01:14.27 [6648:10880:1009/120113.807:ERROR:in_progress_cache_impl.cc(192)] Cache is not initialized, cannot RetrieveEntry.
Oct 09, 2018 12:01:14.30 [6648:10880:1009/120113.807:ERROR:in_progress_cache_impl.cc(192)] Cache is not initialized, cannot RetrieveEntry.
Oct 09, 2018 12:01:14.33 [6648:10880:1009/120113.807:ERROR:in_progress_cache_impl.cc(192)] Cache is not initialized, cannot RetrieveEntry.
Oct 09, 2018 12:01:14.35 [6648:10880:1009/120113.807:ERROR:in_progress_cache_impl.cc(192)] Cache is not initialized, cannot RetrieveEntry.
Oct 09, 2018 12:01:14.36 [6648:10880:1009/120113.807:ERROR:in_progress_cache_impl.cc(192)] Cache is not initialized, cannot RetrieveEntry.
Oct 09, 2018 12:01:14.37 [6648:10880:1009/120113.807:ERROR:in_progress_cache_impl.cc(192)] Cache is not initialized, cannot RetrieveEntry.
Oct 09, 2018 12:01:14.38 [6648:10880:1009/120113.807:ERROR:in_progress_cache_impl.cc(192)] Cache is not initialized, cannot RetrieveEntry.
Oct 09, 2018 12:01:14.39 [6648:10880:1009/120113.808:ERROR:in_progress_cache_impl.cc(192)] Cache is not initialized, cannot RetrieveEntry.
Oct 09, 2018 12:01:14.40 [6648:10880:1009/120113.808:ERROR:in_progress_cache_impl.cc(192)] Cache is not initialized, cannot RetrieveEntry.
Oct 09, 2018 12:01:14.41 [6648:10880:1009/120113.808:ERROR:in_progress_cache_impl.cc(192)] Cache is not initialized, cannot RetrieveEntry.
Oct 09, 2018 12:01:14.42 [6648:10880:1009/120113.808:ERROR:in_progress_cache_impl.cc(192)] Cache is not initialized, cannot RetrieveEntry.
Oct 09, 2018 12:01:14.43 [6648:10880:1009/120113.808:ERROR:in_progress_cache_impl.cc(192)] Cache is not initialized, cannot RetrieveEntry.
Oct 09, 2018 12:01:14.44 [6648:10880:1009/120113.808:ERROR:in_progress_cache_impl.cc(192)] Cache is not initialized, cannot RetrieveEntry.
Oct 09, 2018 12:01:14.45 [6648:10880:1009/120113.808:ERROR:in_progress_cache_impl.cc(192)] Cache is not initialized, cannot RetrieveEntry.
Oct 09, 2018 12:01:14.46 [6648:10880:1009/120113.808:ERROR:in_progress_cache_impl.cc(192)] Cache is not initialized, cannot RetrieveEntry.
Oct 09, 2018 12:01:14.47 [6648:10880:1009/120113.808:ERROR:in_progress_cache_impl.cc(192)] Cache is not initialized, cannot RetrieveEntry.
Oct 09, 2018 12:01:14.48 [6648:10880:1009/120113.808:ERROR:in_progress_cache_impl.cc(192)] Cache is not initialized, cannot RetrieveEntry.

Oct 21, 2018 17:53:39.01 NEW SESSION
Oct 21, 2018 17:53:39.01 [10840:10832:1021/175339.017:ERROR:in_progress_cache_impl.cc(192)] Cache is not initialized, cannot RetrieveEntry.
Oct 21, 2018 17:53:39.12 [10840:10832:1021/175339.017:ERROR:in_progress_cache_impl.cc(192)] Cache is not initialized, cannot RetrieveEntry.
Oct 21, 2018 17:53:39.20 [10840:10832:1021/175339.017:ERROR:in_progress_cache_impl.cc(192)] Cache is not initialized, cannot RetrieveEntry.
Oct 21, 2018 17:53:39.25 [10840:10832:1021/175339.017:ERROR:in_progress_cache_impl.cc(192)] Cache is not initialized, cannot RetrieveEntry.
Oct 21, 2018 17:53:39.27 [10840:10832:1021/175339.017:ERROR:in_progress_cache_impl.cc(192)] Cache is not initialized, cannot RetrieveEntry.
Oct 21, 2018 17:53:39.30 [10840:10832:1021/175339.017:ERROR:in_progress_cache_impl.cc(192)] Cache is not initialized, cannot RetrieveEntry.
Oct 21, 2018 17:53:39.32 [10840:10832:1021/175339.017:ERROR:in_progress_cache_impl.cc(192)] Cache is not initialized, cannot RetrieveEntry.
Oct 21, 2018 17:53:39.34 [10840:10832:1021/175339.017:ERROR:in_progress_cache_impl.cc(192)] Cache is not initialized, cannot RetrieveEntry.
Oct 21, 2018 17:53:39.39 [10840:10832:1021/175339.017:ERROR:in_progress_cache_impl.cc(192)] Cache is not initialized, cannot RetrieveEntry.
Oct 21, 2018 17:53:39.41 [10840:10832:1021/175339.017:ERROR:in_progress_cache_impl.cc(192)] Cache is not initialized, cannot RetrieveEntry.
Oct 21, 2018 17:53:39.42 [10840:10832:1021/175339.017:ERROR:in_progress_cache_impl.cc(192)] Cache is not initialized, cannot RetrieveEntry.
Oct 21, 2018 17:53:39.43 [10840:10832:1021/175339.017:ERROR:in_progress_cache_impl.cc(192)] Cache is not initialized, cannot RetrieveEntry.
Oct 21, 2018 17:53:39.45 [10840:10832:1021/175339.017:ERROR:in_progress_cache_impl.cc(192)] Cache is not initialized, cannot RetrieveEntry.
Oct 21, 2018 17:53:39.47 [10840:10832:1021/175339.017:ERROR:in_progress_cache_impl.cc(192)] Cache is not initialized, cannot RetrieveEntry.
Oct 21, 2018 17:53:39.49 [10840:10832:1021/175339.017:ERROR:in_progress_cache_impl.cc(192)] Cache is not initialized, cannot RetrieveEntry.
Oct 21, 2018 17:53:39.50 [10840:10832:1021/175339.017:ERROR:in_progress_cache_impl.cc(192)] Cache is not initialized, cannot RetrieveEntry.
Oct 21, 2018 17:53:39.51 [10840:10832:1021/175339.017:ERROR:in_progress_cache_impl.cc(192)] Cache is not initialized, cannot RetrieveEntry.
Oct 21, 2018 17:53:39.52 [10840:10832:1021/175339.017:ERROR:in_progress_cache_impl.cc(192)] Cache is not initialized, cannot RetrieveEntry.
Oct 21, 2018 17:53:39.53 [10840:10832:1021/175339.017:ERROR:in_progress_cache_impl.cc(192)] Cache is not initialized, cannot RetrieveEntry.
Oct 21, 2018 17:53:39.55 [10840:10832:1021/175339.017:ERROR:in_progress_cache_impl.cc(192)] Cache is not initialized, cannot RetrieveEntry.
Oct 21, 2018 17:53:39.56 [10840:10832:1021/175339.017:ERROR:in_progress_cache_impl.cc(192)] Cache is not initialized, cannot RetrieveEntry.
Oct 21, 2018 17:53:39.58 [10840:10832:1021/175339.017:ERROR:in_progress_cache_impl.cc(192)] Cache is not initialized, cannot RetrieveEntry.
Oct 21, 2018 17:53:39.59 [10840:10832:1021/175339.017:ERROR:in_progress_cache_impl.cc(192)] Cache is not initialized, cannot RetrieveEntry.
Oct 21, 2018 17:54:34.76 [5276:5804:1021/175434.766:ERROR:in_progress_cache_impl.cc(192)] Cache is not initialized, cannot RetrieveEntry.
Oct 21, 2018 17:54:34.79 [5276:5804:1021/175434.766:ERROR:in_progress_cache_impl.cc(192)] Cache is not initialized, cannot RetrieveEntry.
Oct 21, 2018 17:54:34.85 [5276:5804:1021/175434.766:ERROR:in_progress_cache_impl.cc(192)] Cache is not initialized, cannot RetrieveEntry.
Oct 21, 2018 17:54:34.90 [5276:5804:1021/175434.766:ERROR:in_progress_cache_impl.cc(192)] Cache is not initialized, cannot RetrieveEntry.
Oct 21, 2018 17:54:34.92 [5276:5804:1021/175434.766:ERROR:in_progress_cache_impl.cc(192)] Cache is not initialized, cannot RetrieveEntry.
Oct 21, 2018 17:54:34.98 [5276:5804:1021/175434.766:ERROR:in_progress_cache_impl.cc(192)] Cache is not initialized, cannot RetrieveEntry.
Oct 21, 2018 17:54:35.01 [5276:5804:1021/175434.766:ERROR:in_progress_cache_impl.cc(192)] Cache is not initialized, cannot RetrieveEntry.
Oct 21, 2018 17:54:35.06 [5276:5804:1021/175434.766:ERROR:in_progress_cache_impl.cc(192)] Cache is not initialized, cannot RetrieveEntry.
Oct 21, 2018 17:54:35.10 [5276:5804:1021/175434.766:ERROR:in_progress_cache_impl.cc(192)] Cache is not initialized, cannot RetrieveEntry.
Oct 21, 2018 17:54:35.12 [5276:5804:1021/175434.766:ERROR:in_progress_cache_impl.cc(192)] Cache is not initialized, cannot RetrieveEntry.
Oct 21, 2018 17:54:35.14 [5276:5804:1021/175434.766:ERROR:in_progress_cache_impl.cc(192)] Cache is not initialized, cannot RetrieveEntry.
Oct 21, 2018 17:54:35.16 [5276:5804:1021/175434.766:ERROR:in_progress_cache_impl.cc(192)] Cache is not initialized, cannot RetrieveEntry.
Oct 21, 2018 17:54:35.17 [5276:5804:1021/175434.766:ERROR:in_progress_cache_impl.cc(192)] Cache is not initialized, cannot RetrieveEntry.
Oct 21, 2018 17:54:35.21 [5276:5804:1021/175434.766:ERROR:in_progress_cache_impl.cc(192)] Cache is not initialized, cannot RetrieveEntry.
Oct 21, 2018 17:54:35.23 [5276:5804:1021/175434.766:ERROR:in_progress_cache_impl.cc(192)] Cache is not initialized, cannot RetrieveEntry.
Oct 21, 2018 17:54:35.24 [5276:5804:1021/175434.766:ERROR:in_progress_cache_impl.cc(192)] Cache is not initialized, cannot RetrieveEntry.
Oct 21, 2018 17:54:35.26 [5276:5804:1021/175434.766:ERROR:in_progress_cache_impl.cc(192)] Cache is not initialized, cannot RetrieveEntry.
Oct 21, 2018 17:54:35.28 [5276:5804:1021/175434.766:ERROR:in_progress_cache_impl.cc(192)] Cache is not initialized, cannot RetrieveEntry.
Oct 21, 2018 17:54:35.30 [5276:5804:1021/175434.766:ERROR:in_progress_cache_impl.cc(192)] Cache is not initialized, cannot RetrieveEntry.
Oct 21, 2018 17:54:35.31 [5276:5804:1021/175434.766:ERROR:in_progress_cache_impl.cc(192)] Cache is not initialized, cannot RetrieveEntry.
Oct 21, 2018 17:54:35.34 [5276:5804:1021/175434.766:ERROR:in_progress_cache_impl.cc(192)] Cache is not initialized, cannot RetrieveEntry.
Oct 21, 2018 17:54:35.35 [5276:5804:1021/175434.766:ERROR:in_progress_cache_impl.cc(192)] Cache is not initialized, cannot RetrieveEntry.
Oct 21, 2018 17:54:35.37 [5276:5804:1021/175434.766:ERROR:in_progress_cache_impl.cc(192)] Cache is not initialized, cannot RetrieveEntry.

Oct 22, 2018 14:46:13.12 NEW SESSION
Oct 22, 2018 14:46:13.12 [9308:5820:1022/144613.104:ERROR:in_progress_cache_impl.cc(192)] Cache is not initialized, cannot RetrieveEntry.
Oct 22, 2018 14:46:13.22 [9308:5820:1022/144613.105:ERROR:in_progress_cache_impl.cc(192)] Cache is not initialized, cannot RetrieveEntry.
Oct 22, 2018 14:46:13.30 [9308:5820:1022/144613.105:ERROR:in_progress_cache_impl.cc(192)] Cache is not initialized, cannot RetrieveEntry.
Oct 22, 2018 14:46:13.33 [9308:5820:1022/144613.105:ERROR:in_progress_cache_impl.cc(192)] Cache is not initialized, cannot RetrieveEntry.
Oct 22, 2018 14:46:13.34 [9308:5820:1022/144613.105:ERROR:in_progress_cache_impl.cc(192)] Cache is not initialized, cannot RetrieveEntry.
Oct 22, 2018 14:46:13.37 [9308:5820:1022/144613.105:ERROR:in_progress_cache_impl.cc(192)] Cache is not initialized, cannot RetrieveEntry.
Oct 22, 2018 14:46:13.39 [9308:5820:1022/144613.105:ERROR:in_progress_cache_impl.cc(192)] Cache is not initialized, cannot RetrieveEntry.
Oct 22, 2018 14:46:13.40 [9308:5820:1022/144613.105:ERROR:in_progress_cache_impl.cc(192)] Cache is not initialized, cannot RetrieveEntry.
Oct 22, 2018 14:46:13.42 [9308:5820:1022/144613.105:ERROR:in_progress_cache_impl.cc(192)] Cache is not initialized, cannot RetrieveEntry.
Oct 22, 2018 14:46:13.43 [9308:5820:1022/144613.105:ERROR:in_progress_cache_impl.cc(192)] Cache is not initialized, cannot RetrieveEntry.
Oct 22, 2018 14:46:13.44 [9308:5820:1022/144613.105:ERROR:in_progress_cache_impl.cc(192)] Cache is not initialized, cannot RetrieveEntry.
Oct 22, 2018 14:46:13.45 [9308:5820:1022/144613.105:ERROR:in_progress_cache_impl.cc(192)] Cache is not initialized, cannot RetrieveEntry.
Oct 22, 2018 14:46:13.46 [9308:5820:1022/144613.105:ERROR:in_progress_cache_impl.cc(192)] Cache is not initialized, cannot RetrieveEntry.
Oct 22, 2018 14:46:13.47 [9308:5820:1022/144613.105:ERROR:in_progress_cache_impl.cc(192)] Cache is not initialized, cannot RetrieveEntry.
Oct 22, 2018 14:46:13.48 [9308:5820:1022/144613.105:ERROR:in_progress_cache_impl.cc(192)] Cache is not initialized, cannot RetrieveEntry.
Oct 22, 2018 14:46:13.49 [9308:5820:1022/144613.105:ERROR:in_progress_cache_impl.cc(192)] Cache is not initialized, cannot RetrieveEntry.
Oct 22, 2018 14:46:13.51 [9308:5820:1022/144613.105:ERROR:in_progress_cache_impl.cc(192)] Cache is not initialized, cannot RetrieveEntry.
Oct 22, 2018 14:46:13.52 [9308:5820:1022/144613.105:ERROR:in_progress_cache_impl.cc(192)] Cache is not initialized, cannot RetrieveEntry.
Oct 22, 2018 14:46:13.53 [9308:5820:1022/144613.105:ERROR:in_progress_cache_impl.cc(192)] Cache is not initialized, cannot RetrieveEntry.
Oct 22, 2018 14:46:13.54 [9308:5820:1022/144613.105:ERROR:in_progress_cache_impl.cc(192)] Cache is not initialized, cannot RetrieveEntry.
Oct 22, 2018 14:46:13.55 [9308:5820:1022/144613.105:ERROR:in_progress_cache_impl.cc(192)] Cache is not initialized, cannot RetrieveEntry.
Oct 22, 2018 14:46:13.56 [9308:5820:1022/144613.105:ERROR:in_progress_cache_impl.cc(192)] Cache is not initialized, cannot RetrieveEntry.
Oct 22, 2018 14:46:13.57 [9308:5820:1022/144613.105:ERROR:in_progress_cache_impl.cc(192)] Cache is not initialized, cannot RetrieveEntry.
Oct 22, 2018 14:46:55.18 [11976:11136:1022/144655.160:ERROR:in_progress_cache_impl.cc(192)] Cache is not initialized, cannot RetrieveEntry.
Oct 22, 2018 14:46:55.22 [11976:11136:1022/144655.161:ERROR:in_progress_cache_impl.cc(192)] Cache is not initialized, cannot RetrieveEntry.
Oct 22, 2018 14:46:55.31 [11976:11136:1022/144655.161:ERROR:in_progress_cache_impl.cc(192)] Cache is not initialized, cannot RetrieveEntry.
Oct 22, 2018 14:46:55.38 [11976:11136:1022/144655.161:ERROR:in_progress_cache_impl.cc(192)] Cache is not initialized, cannot RetrieveEntry.
Oct 22, 2018 14:46:55.46 [11976:11136:1022/144655.161:ERROR:in_progress_cache_impl.cc(192)] Cache is not initialized, cannot RetrieveEntry.
Oct 22, 2018 14:46:55.51 [11976:11136:1022/144655.161:ERROR:in_progress_cache_impl.cc(192)] Cache is not initialized, cannot RetrieveEntry.
Oct 22, 2018 14:46:55.54 [11976:11136:1022/144655.161:ERROR:in_progress_cache_impl.cc(192)] Cache is not initialized, cannot RetrieveEntry.
Oct 22, 2018 14:46:55.56 [11976:11136:1022/144655.161:ERROR:in_progress_cache_impl.cc(192)] Cache is not initialized, cannot RetrieveEntry.
Oct 22, 2018 14:46:55.59 [11976:11136:1022/144655.161:ERROR:in_progress_cache_impl.cc(192)] Cache is not initialized, cannot RetrieveEntry.
Oct 22, 2018 14:46:55.63 [11976:11136:1022/144655.161:ERROR:in_progress_cache_impl.cc(192)] Cache is not initialized, cannot RetrieveEntry.
Oct 22, 2018 14:46:55.66 [11976:11136:1022/144655.161:ERROR:in_progress_cache_impl.cc(192)] Cache is not initialized, cannot RetrieveEntry.
Oct 22, 2018 14:46:55.68 [11976:11136:1022/144655.161:ERROR:in_progress_cache_impl.cc(192)] Cache is not initialized, cannot RetrieveEntry.
Oct 22, 2018 14:46:55.71 [11976:11136:1022/144655.161:ERROR:in_progress_cache_impl.cc(192)] Cache is not initialized, cannot RetrieveEntry.
Oct 22, 2018 14:46:55.73 [11976:11136:1022/144655.161:ERROR:in_progress_cache_impl.cc(192)] Cache is not initialized, cannot RetrieveEntry.
Oct 22, 2018 14:46:55.77 [11976:11136:1022/144655.161:ERROR:in_progress_cache_impl.cc(192)] Cache is not initialized, cannot RetrieveEntry.
Oct 22, 2018 14:46:55.80 [11976:11136:1022/144655.161:ERROR:in_progress_cache_impl.cc(192)] Cache is not initialized, cannot RetrieveEntry.
Oct 22, 2018 14:46:55.82 [11976:11136:1022/144655.161:ERROR:in_progress_cache_impl.cc(192)] Cache is not initialized, cannot RetrieveEntry.
Oct 22, 2018 14:46:55.84 [11976:11136:1022/144655.161:ERROR:in_progress_cache_impl.cc(192)] Cache is not initialized, cannot RetrieveEntry.
Oct 22, 2018 14:46:55.88 [11976:11136:1022/144655.161:ERROR:in_progress_cache_impl.cc(192)] Cache is not initialized, cannot RetrieveEntry.
Oct 22, 2018 14:46:55.91 [11976:11136:1022/144655.161:ERROR:in_progress_cache_impl.cc(192)] Cache is not initialized, cannot RetrieveEntry.
Oct 22, 2018 14:46:55.93 [11976:11136:1022/144655.161:ERROR:in_progress_cache_impl.cc(192)] Cache is not initialized, cannot RetrieveEntry.
Oct 22, 2018 14:46:55.96 [11976:11136:1022/144655.161:ERROR:in_progress_cache_impl.cc(192)] Cache is not initialized, cannot RetrieveEntry.
Oct 22, 2018 14:46:55.98 [11976:11136:1022/144655.161:ERROR:in_progress_cache_impl.cc(192)] Cache is not initialized, cannot RetrieveEntry.
Oct 22, 2018 14:47:51.44 [11632:4212:1022/144751.429:ERROR:in_progress_cache_impl.cc(192)] Cache is not initialized, cannot RetrieveEntry.
Oct 22, 2018 14:47:51.50 [11632:4212:1022/144751.429:ERROR:in_progress_cache_impl.cc(192)] Cache is not initialized, cannot RetrieveEntry.
Oct 22, 2018 14:47:51.52 [11632:4212:1022/144751.429:ERROR:in_progress_cache_impl.cc(192)] Cache is not initialized, cannot RetrieveEntry.
Oct 22, 2018 14:47:51.68 [11632:4212:1022/144751.429:ERROR:in_progress_cache_impl.cc(192)] Cache is not initialized, cannot RetrieveEntry.
Oct 22, 2018 14:47:51.72 [11632:4212:1022/144751.429:ERROR:in_progress_cache_impl.cc(192)] Cache is not initialized, cannot RetrieveEntry.
Oct 22, 2018 14:47:51.73 [11632:4212:1022/144751.429:ERROR:in_progress_cache_impl.cc(192)] Cache is not initialized, cannot RetrieveEntry.
Oct 22, 2018 14:47:51.75 [11632:4212:1022/144751.429:ERROR:in_progress_cache_impl.cc(192)] Cache is not initialized, cannot RetrieveEntry.
Oct 22, 2018 14:47:51.77 [11632:4212:1022/144751.429:ERROR:in_progress_cache_impl.cc(192)] Cache is not initialized, cannot RetrieveEntry.
Oct 22, 2018 14:47:51.78 [11632:4212:1022/144751.430:ERROR:in_progress_cache_impl.cc(192)] Cache is not initialized, cannot RetrieveEntry.
Oct 22, 2018 14:47:51.81 [11632:4212:1022/144751.430:ERROR:in_progress_cache_impl.cc(192)] Cache is not initialized, cannot RetrieveEntry.
Oct 22, 2018 14:47:51.89 [11632:4212:1022/144751.430:ERROR:in_progress_cache_impl.cc(192)] Cache is not initialized, cannot RetrieveEntry.
Oct 22, 2018 14:47:51.91 [11632:4212:1022/144751.430:ERROR:in_progress_cache_impl.cc(192)] Cache is not initialized, cannot RetrieveEntry.
Oct 22, 2018 14:47:51.92 [11632:4212:1022/144751.430:ERROR:in_progress_cache_impl.cc(192)] Cache is not initialized, cannot RetrieveEntry.
Oct 22, 2018 14:47:51.93 [11632:4212:1022/144751.430:ERROR:in_progress_cache_impl.cc(192)] Cache is not initialized, cannot RetrieveEntry.
Oct 22, 2018 14:47:51.95 [11632:4212:1022/144751.430:ERROR:in_progress_cache_impl.cc(192)] Cache is not initialized, cannot RetrieveEntry.
Oct 22, 2018 14:47:51.96 [11632:4212:1022/144751.430:ERROR:in_progress_cache_impl.cc(192)] Cache is not initialized, cannot RetrieveEntry.
Oct 22, 2018 14:47:51.98 [11632:4212:1022/144751.430:ERROR:in_progress_cache_impl.cc(192)] Cache is not initialized, cannot RetrieveEntry.
Oct 22, 2018 14:47:52.01 [11632:4212:1022/144751.430:ERROR:in_progress_cache_impl.cc(192)] Cache is not initialized, cannot RetrieveEntry.
Oct 22, 2018 14:47:52.04 [11632:4212:1022/144751.430:ERROR:in_progress_cache_impl.cc(192)] Cache is not initialized, cannot RetrieveEntry.
Oct 22, 2018 14:47:52.05 [11632:4212:1022/144751.430:ERROR:in_progress_cache_impl.cc(192)] Cache is not initialized, cannot RetrieveEntry.
Oct 22, 2018 14:47:52.06 [11632:4212:1022/144751.430:ERROR:in_progress_cache_impl.cc(192)] Cache is not initialized, cannot RetrieveEntry.
Oct 22, 2018 14:47:52.07 [11632:4212:1022/144751.430:ERROR:in_progress_cache_impl.cc(192)] Cache is not initialized, cannot RetrieveEntry.
Oct 22, 2018 14:47:52.09 [11632:4212:1022/144751.430:ERROR:in_progress_cache_impl.cc(192)] Cache is not initialized, cannot RetrieveEntry.
Oct 22, 2018 14:56:16.66 [11632:5920:1022/145616.660:ERROR:connection_factory_impl.cc(396)] Failed to connect to MCS endpoint with error -106
Oct 22, 2018 14:56:25.31 [11632:4212:1022/145625.317:ERROR:gcm_channel_status_request.cc(151)] GCM channel request failed.
Oct 22, 2018 14:56:39.07 [11632:5920:1022/145639.079:ERROR:connection_factory_impl.cc(396)] Failed to connect to MCS endpoint with error -106
Oct 22, 2018 14:56:55.20 [11632:4212:1022/145655.209:ERROR:gcm_channel_status_request.cc(151)] GCM channel request failed.
Oct 22, 2018 14:57:26.20 [11632:5920:1022/145726.201:ERROR:connection_factory_impl.cc(396)] Failed to connect to MCS endpoint with error -106
Oct 22, 2018 14:57:54.42 [11632:4212:1022/145754.420:ERROR:gcm_channel_status_request.cc(151)] GCM channel request failed.
Oct 22, 2018 14:59:17.05 [11632:4212:1022/145917.055:ERROR:gcm_channel_status_request.cc(151)] GCM channel request failed.
Oct 22, 2018 14:59:22.51 [11632:5920:1022/145922.516:ERROR:connection_factory_impl.cc(396)] Failed to connect to MCS endpoint with error -106
Oct 22, 2018 15:02:01.70 [11632:4212:1022/150201.702:ERROR:gcm_channel_status_request.cc(151)] GCM channel request failed.
Oct 22, 2018 15:02:25.78 [11632:5920:1022/150225.785:ERROR:connection_factory_impl.cc(396)] Failed to connect to MCS endpoint with error -106
Oct 22, 2018 15:09:31.02 [11632:4212:1022/150931.020:ERROR:gcm_channel_status_request.cc(151)] GCM channel request failed.
Oct 22, 2018 15:09:43.39 [11632:5920:1022/150943.393:ERROR:connection_factory_impl.cc(396)] Failed to connect to MCS endpoint with error -106

Oct 23, 2018 11:04:55.44 NEW SESSION
Oct 23, 2018 11:04:55.44 [11472:8200:1023/110455.434:ERROR:connection_factory_impl.cc(396)] Failed to connect to MCS endpoint with error -106
Oct 23, 2018 11:04:59.42 [11472:11760:1023/110459.425:ERROR:backend_impl.cc(1065)] Critical error found -8
Oct 23, 2018 11:05:01.75 [11472:11760:1023/110501.752:ERROR:backend_impl.cc(1065)] Critical error found -8
Oct 23, 2018 11:05:01.76 [11472:11760:1023/110501.752:ERROR:entry_impl.cc(1062)] No file for a2011ac4
Oct 23, 2018 11:05:23.00 [7564:8256:1023/110523.002:ERROR:in_progress_cache_impl.cc(192)] Cache is not initialized, cannot RetrieveEntry.
Oct 23, 2018 11:05:23.04 [7564:8256:1023/110523.002:ERROR:in_progress_cache_impl.cc(192)] Cache is not initialized, cannot RetrieveEntry.
Oct 23, 2018 11:05:23.05 [7564:8256:1023/110523.002:ERROR:in_progress_cache_impl.cc(192)] Cache is not initialized, cannot RetrieveEntry.
Oct 23, 2018 11:05:23.06 [7564:8256:1023/110523.002:ERROR:in_progress_cache_impl.cc(192)] Cache is not initialized, cannot RetrieveEntry.
Oct 23, 2018 11:05:23.08 [7564:8256:1023/110523.003:ERROR:in_progress_cache_impl.cc(192)] Cache is not initialized, cannot RetrieveEntry.
Oct 23, 2018 11:05:23.09 [7564:8256:1023/110523.003:ERROR:in_progress_cache_impl.cc(192)] Cache is not initialized, cannot RetrieveEntry.
Oct 23, 2018 11:05:23.10 [7564:8256:1023/110523.003:ERROR:in_progress_cache_impl.cc(192)] Cache is not initialized, cannot RetrieveEntry.
Oct 23, 2018 11:05:23.12 [7564:8256:1023/110523.003:ERROR:in_progress_cache_impl.cc(192)] Cache is not initialized, cannot RetrieveEntry.
Oct 23, 2018 11:05:23.13 [7564:8256:1023/110523.003:ERROR:in_progress_cache_impl.cc(192)] Cache is not initialized, cannot RetrieveEntry.
Oct 23, 2018 11:05:23.14 [7564:8256:1023/110523.003:ERROR:in_progress_cache_impl.cc(192)] Cache is not initialized, cannot RetrieveEntry.
Oct 23, 2018 11:05:23.16 [7564:8256:1023/110523.003:ERROR:in_progress_cache_impl.cc(192)] Cache is not initialized, cannot RetrieveEntry.
Oct 23, 2018 11:05:23.17 [7564:8256:1023/110523.003:ERROR:in_progress_cache_impl.cc(192)] Cache is not initialized, cannot RetrieveEntry.
Oct 23, 2018 11:05:23.18 [7564:8256:1023/110523.003:ERROR:in_progress_cache_impl.cc(192)] Cache is not initialized, cannot RetrieveEntry.
Oct 23, 2018 11:05:23.19 [7564:8256:1023/110523.003:ERROR:in_progress_cache_impl.cc(192)] Cache is not initialized, cannot RetrieveEntry.
Oct 23, 2018 11:05:23.20 [7564:8256:1023/110523.003:ERROR:in_progress_cache_impl.cc(192)] Cache is not initialized, cannot RetrieveEntry.
Oct 23, 2018 11:05:23.22 [7564:8256:1023/110523.003:ERROR:in_progress_cache_impl.cc(192)] Cache is not initialized, cannot RetrieveEntry.
Oct 23, 2018 11:05:23.25 [7564:8256:1023/110523.003:ERROR:in_progress_cache_impl.cc(192)] Cache is not initialized, cannot RetrieveEntry.
Oct 23, 2018 11:05:23.28 [7564:8256:1023/110523.003:ERROR:in_progress_cache_impl.cc(192)] Cache is not initialized, cannot RetrieveEntry.
Oct 23, 2018 11:05:23.29 [7564:8256:1023/110523.003:ERROR:in_progress_cache_impl.cc(192)] Cache is not initialized, cannot RetrieveEntry.
Oct 23, 2018 11:05:23.29 [7564:8256:1023/110523.003:ERROR:in_progress_cache_impl.cc(192)] Cache is not initialized, cannot RetrieveEntry.
Oct 23, 2018 11:05:23.30 [7564:8256:1023/110523.003:ERROR:in_progress_cache_impl.cc(192)] Cache is not initialized, cannot RetrieveEntry.
Oct 23, 2018 11:05:23.31 [7564:8256:1023/110523.003:ERROR:in_progress_cache_impl.cc(192)] Cache is not initialized, cannot RetrieveEntry.
Oct 23, 2018 11:05:23.31 [7564:8256:1023/110523.003:ERROR:in_progress_cache_impl.cc(192)] Cache is not initialized, cannot RetrieveEntry.
Oct 23, 2018 11:05:24.31 [7564:7176:1023/110524.315:ERROR:connection_factory_impl.cc(396)] Failed to connect to MCS endpoint with error -106
Oct 23, 2018 11:06:14.10 [9988:11476:1023/110614.100:ERROR:in_progress_cache_impl.cc(192)] Cache is not initialized, cannot RetrieveEntry.
Oct 23, 2018 11:06:14.13 [9988:11476:1023/110614.100:ERROR:in_progress_cache_impl.cc(192)] Cache is not initialized, cannot RetrieveEntry.
Oct 23, 2018 11:06:14.15 [9988:11476:1023/110614.101:ERROR:in_progress_cache_impl.cc(192)] Cache is not initialized, cannot RetrieveEntry.
Oct 23, 2018 11:06:14.16 [9988:11476:1023/110614.101:ERROR:in_progress_cache_impl.cc(192)] Cache is not initialized, cannot RetrieveEntry.
Oct 23, 2018 11:06:14.25 [9988:11476:1023/110614.101:ERROR:in_progress_cache_impl.cc(192)] Cache is not initialized, cannot RetrieveEntry.
Oct 23, 2018 11:06:14.30 [9988:11476:1023/110614.101:ERROR:in_progress_cache_impl.cc(192)] Cache is not initialized, cannot RetrieveEntry.
Oct 23, 2018 11:06:14.31 [9988:11476:1023/110614.101:ERROR:in_progress_cache_impl.cc(192)] Cache is not initialized, cannot RetrieveEntry.
Oct 23, 2018 11:06:14.33 [9988:11476:1023/110614.101:ERROR:in_progress_cache_impl.cc(192)] Cache is not initialized, cannot RetrieveEntry.
Oct 23, 2018 11:06:14.34 [9988:11476:1023/110614.101:ERROR:in_progress_cache_impl.cc(192)] Cache is not initialized, cannot RetrieveEntry.
Oct 23, 2018 11:06:14.38 [9988:11476:1023/110614.101:ERROR:in_progress_cache_impl.cc(192)] Cache is not initialized, cannot RetrieveEntry.
Oct 23, 2018 11:06:14.39 [9988:11476:1023/110614.101:ERROR:in_progress_cache_impl.cc(192)] Cache is not initialized, cannot RetrieveEntry.
Oct 23, 2018 11:06:14.41 [9988:11476:1023/110614.101:ERROR:in_progress_cache_impl.cc(192)] Cache is not initialized, cannot RetrieveEntry.
Oct 23, 2018 11:06:14.43 [9988:11476:1023/110614.101:ERROR:in_progress_cache_impl.cc(192)] Cache is not initialized, cannot RetrieveEntry.
Oct 23, 2018 11:06:14.45 [9988:11476:1023/110614.101:ERROR:in_progress_cache_impl.cc(192)] Cache is not initialized, cannot RetrieveEntry.
Oct 23, 2018 11:06:14.47 [9988:11476:1023/110614.101:ERROR:in_progress_cache_impl.cc(192)] Cache is not initialized, cannot RetrieveEntry.
Oct 23, 2018 11:06:14.49 [9988:11476:1023/110614.101:ERROR:in_progress_cache_impl.cc(192)] Cache is not initialized, cannot RetrieveEntry.
Oct 23, 2018 11:06:14.50 [9988:11476:1023/110614.101:ERROR:in_progress_cache_impl.cc(192)] Cache is not initialized, cannot RetrieveEntry.
Oct 23, 2018 11:06:14.52 [9988:11476:1023/110614.101:ERROR:in_progress_cache_impl.cc(192)] Cache is not initialized, cannot RetrieveEntry.
Oct 23, 2018 11:06:14.54 [9988:11476:1023/110614.101:ERROR:in_progress_cache_impl.cc(192)] Cache is not initialized, cannot RetrieveEntry.
Oct 23, 2018 11:06:14.55 [9988:11476:1023/110614.101:ERROR:in_progress_cache_impl.cc(192)] Cache is not initialized, cannot RetrieveEntry.
Oct 23, 2018 11:06:14.56 [9988:11476:1023/110614.101:ERROR:in_progress_cache_impl.cc(192)] Cache is not initialized, cannot RetrieveEntry.
Oct 23, 2018 11:06:14.57 [9988:11476:1023/110614.101:ERROR:in_progress_cache_impl.cc(192)] Cache is not initialized, cannot RetrieveEntry.
Oct 23, 2018 11:06:14.58 [9988:11476:1023/110614.101:ERROR:in_progress_cache_impl.cc(192)] Cache is not initialized, cannot RetrieveEntry.
Oct 23, 2018 11:06:15.19 [9988:10168:1023/110615.193:ERROR:connection_factory_impl.cc(396)] Failed to connect to MCS endpoint with error -106
Oct 23, 2018 11:06:35.72 [9988:10168:1023/110635.729:ERROR:connection_factory_impl.cc(396)] Failed to connect to MCS endpoint with error -106

Oct 23, 2018 11:08:15.75 NEW SESSION
Oct 23, 2018 11:08:15.75 [10296:9456:1023/110815.736:ERROR:in_progress_cache_impl.cc(192)] Cache is not initialized, cannot RetrieveEntry.
Oct 23, 2018 11:08:15.80 [10296:9456:1023/110815.736:ERROR:in_progress_cache_impl.cc(192)] Cache is not initialized, cannot RetrieveEntry.
Oct 23, 2018 11:08:15.80 [10296:9456:1023/110815.736:ERROR:in_progress_cache_impl.cc(192)] Cache is not initialized, cannot RetrieveEntry.
Oct 23, 2018 11:08:15.88 [10296:9456:1023/110815.736:ERROR:in_progress_cache_impl.cc(192)] Cache is not initialized, cannot RetrieveEntry.
Oct 23, 2018 11:08:15.90 [10296:9456:1023/110815.736:ERROR:in_progress_cache_impl.cc(192)] Cache is not initialized, cannot RetrieveEntry.
Oct 23, 2018 11:08:15.93 [10296:9456:1023/110815.736:ERROR:in_progress_cache_impl.cc(192)] Cache is not initialized, cannot RetrieveEntry.
Oct 23, 2018 11:08:15.97 [10296:9456:1023/110815.736:ERROR:in_progress_cache_impl.cc(192)] Cache is not initialized, cannot RetrieveEntry.
Oct 23, 2018 11:08:16.00 [10296:9456:1023/110815.736:ERROR:in_progress_cache_impl.cc(192)] Cache is not initialized, cannot RetrieveEntry.
Oct 23, 2018 11:08:16.02 [10296:9456:1023/110815.736:ERROR:in_progress_cache_impl.cc(192)] Cache is not initialized, cannot RetrieveEntry.
Oct 23, 2018 11:08:16.04 [10296:9456:1023/110815.736:ERROR:in_progress_cache_impl.cc(192)] Cache is not initialized, cannot RetrieveEntry.
Oct 23, 2018 11:08:16.06 [10296:9456:1023/110815.736:ERROR:in_progress_cache_impl.cc(192)] Cache is not initialized, cannot RetrieveEntry.
Oct 23, 2018 11:08:16.07 [10296:9456:1023/110815.736:ERROR:in_progress_cache_impl.cc(192)] Cache is not initialized, cannot RetrieveEntry.
Oct 23, 2018 11:08:16.09 [10296:9456:1023/110815.736:ERROR:in_progress_cache_impl.cc(192)] Cache is not initialized, cannot RetrieveEntry.
Oct 23, 2018 11:08:16.10 [10296:9456:1023/110815.736:ERROR:in_progress_cache_impl.cc(192)] Cache is not initialized, cannot RetrieveEntry.
Oct 23, 2018 11:08:16.12 [10296:9456:1023/110815.736:ERROR:in_progress_cache_impl.cc(192)] Cache is not initialized, cannot RetrieveEntry.
Oct 23, 2018 11:08:16.13 [10296:9456:1023/110815.736:ERROR:in_progress_cache_impl.cc(192)] Cache is not initialized, cannot RetrieveEntry.
Oct 23, 2018 11:08:16.14 [10296:9456:1023/110815.736:ERROR:in_progress_cache_impl.cc(192)] Cache is not initialized, cannot RetrieveEntry.
Oct 23, 2018 11:08:16.17 [10296:9456:1023/110815.736:ERROR:in_progress_cache_impl.cc(192)] Cache is not initialized, cannot RetrieveEntry.
Oct 23, 2018 11:08:16.18 [10296:9456:1023/110815.736:ERROR:in_progress_cache_impl.cc(192)] Cache is not initialized, cannot RetrieveEntry.
Oct 23, 2018 11:08:16.20 [10296:9456:1023/110815.736:ERROR:in_progress_cache_impl.cc(192)] Cache is not initialized, cannot RetrieveEntry.
Oct 23, 2018 11:08:16.21 [10296:9456:1023/110815.736:ERROR:in_progress_cache_impl.cc(192)] Cache is not initialized, cannot RetrieveEntry.
Oct 23, 2018 11:08:16.22 [10296:9456:1023/110815.736:ERROR:in_progress_cache_impl.cc(192)] Cache is not initialized, cannot RetrieveEntry.
Oct 23, 2018 11:08:16.23 [10296:9456:1023/110815.736:ERROR:in_progress_cache_impl.cc(192)] Cache is not initialized, cannot RetrieveEntry.
Oct 23, 2018 11:08:16.76 [10296:7636:1023/110816.766:ERROR:connection_factory_impl.cc(396)] Failed to connect to MCS endpoint with error -106
Oct 23, 2018 11:08:38.00 [10296:7636:1023/110838.005:ERROR:connection_factory_impl.cc(396)] Failed to connect to MCS endpoint with error -106
Oct 23, 2018 11:09:31.44 [10296:7636:1023/110931.446:ERROR:connection_factory_impl.cc(396)] Failed to connect to MCS endpoint with error -106
Oct 23, 2018 11:11:11.98 [10296:7636:1023/111111.988:ERROR:connection_factory_impl.cc(396)] Failed to connect to MCS endpoint with error -106
Oct 23, 2018 11:13:30.58 [9988:8120:1023/111330.560:ERROR:in_progress_cache_impl.cc(192)] Cache is not initialized, cannot RetrieveEntry.
Oct 23, 2018 11:13:30.63 [9988:8120:1023/111330.560:ERROR:in_progress_cache_impl.cc(192)] Cache is not initialized, cannot RetrieveEntry.
Oct 23, 2018 11:13:30.73 [9988:8120:1023/111330.560:ERROR:in_progress_cache_impl.cc(192)] Cache is not initialized, cannot RetrieveEntry.
Oct 23, 2018 11:13:30.76 [9988:8120:1023/111330.560:ERROR:in_progress_cache_impl.cc(192)] Cache is not initialized, cannot RetrieveEntry.
Oct 23, 2018 11:13:30.82 [9988:8120:1023/111330.560:ERROR:in_progress_cache_impl.cc(192)] Cache is not initialized, cannot RetrieveEntry.
Oct 23, 2018 11:13:30.85 [9988:8120:1023/111330.560:ERROR:in_progress_cache_impl.cc(192)] Cache is not initialized, cannot RetrieveEntry.
Oct 23, 2018 11:13:30.87 [9988:8120:1023/111330.560:ERROR:in_progress_cache_impl.cc(192)] Cache is not initialized, cannot RetrieveEntry.
Oct 23, 2018 11:13:30.89 [9988:8120:1023/111330.560:ERROR:in_progress_cache_impl.cc(192)] Cache is not initialized, cannot RetrieveEntry.
Oct 23, 2018 11:13:30.92 [9988:8120:1023/111330.560:ERROR:in_progress_cache_impl.cc(192)] Cache is not initialized, cannot RetrieveEntry.
Oct 23, 2018 11:13:30.95 [9988:8120:1023/111330.560:ERROR:in_progress_cache_impl.cc(192)] Cache is not initialized, cannot RetrieveEntry.
Oct 23, 2018 11:13:30.98 [9988:8120:1023/111330.560:ERROR:in_progress_cache_impl.cc(192)] Cache is not initialized, cannot RetrieveEntry.
Oct 23, 2018 11:13:31.00 [9988:8120:1023/111330.560:ERROR:in_progress_cache_impl.cc(192)] Cache is not initialized, cannot RetrieveEntry.
Oct 23, 2018 11:13:31.01 [9988:8120:1023/111330.560:ERROR:in_progress_cache_impl.cc(192)] Cache is not initialized, cannot RetrieveEntry.
Oct 23, 2018 11:13:31.02 [9988:8120:1023/111330.560:ERROR:in_progress_cache_impl.cc(192)] Cache is not initialized, cannot RetrieveEntry.
Oct 23, 2018 11:13:31.03 [9988:8120:1023/111330.560:ERROR:in_progress_cache_impl.cc(192)] Cache is not initialized, cannot RetrieveEntry.
Oct 23, 2018 11:13:31.04 [9988:8120:1023/111330.560:ERROR:in_progress_cache_impl.cc(192)] Cache is not initialized, cannot RetrieveEntry.
Oct 23, 2018 11:13:31.05 [9988:8120:1023/111330.560:ERROR:in_progress_cache_impl.cc(192)] Cache is not initialized, cannot RetrieveEntry.
Oct 23, 2018 11:13:31.06 [9988:8120:1023/111330.560:ERROR:in_progress_cache_impl.cc(192)] Cache is not initialized, cannot RetrieveEntry.
Oct 23, 2018 11:13:31.07 [9988:8120:1023/111330.560:ERROR:in_progress_cache_impl.cc(192)] Cache is not initialized, cannot RetrieveEntry.
Oct 23, 2018 11:13:31.09 [9988:8120:1023/111330.561:ERROR:in_progress_cache_impl.cc(192)] Cache is not initialized, cannot RetrieveEntry.
Oct 23, 2018 11:13:31.10 [9988:8120:1023/111330.561:ERROR:in_progress_cache_impl.cc(192)] Cache is not initialized, cannot RetrieveEntry.
Oct 23, 2018 11:13:31.12 [9988:8120:1023/111330.561:ERROR:in_progress_cache_impl.cc(192)] Cache is not initialized, cannot RetrieveEntry.
Oct 23, 2018 11:13:31.14 [9988:8120:1023/111330.561:ERROR:in_progress_cache_impl.cc(192)] Cache is not initialized, cannot RetrieveEntry.

Oct 23, 2018 11:15:13.25 NEW SESSION
Oct 23, 2018 11:15:13.25 [8832:7204:1023/111513.226:ERROR:in_progress_cache_impl.cc(192)] Cache is not initialized, cannot RetrieveEntry.
Oct 23, 2018 11:15:13.27 [8832:7204:1023/111513.226:ERROR:in_progress_cache_impl.cc(192)] Cache is not initialized, cannot RetrieveEntry.
Oct 23, 2018 11:15:13.28 [8832:7204:1023/111513.226:ERROR:in_progress_cache_impl.cc(192)] Cache is not initialized, cannot RetrieveEntry.
Oct 23, 2018 11:15:13.29 [8832:7204:1023/111513.226:ERROR:in_progress_cache_impl.cc(192)] Cache is not initialized, cannot RetrieveEntry.
Oct 23, 2018 11:15:13.37 [8832:7204:1023/111513.226:ERROR:in_progress_cache_impl.cc(192)] Cache is not initialized, cannot RetrieveEntry.
Oct 23, 2018 11:15:13.38 [8832:7204:1023/111513.226:ERROR:in_progress_cache_impl.cc(192)] Cache is not initialized, cannot RetrieveEntry.
Oct 23, 2018 11:15:13.39 [8832:7204:1023/111513.226:ERROR:in_progress_cache_impl.cc(192)] Cache is not initialized, cannot RetrieveEntry.
Oct 23, 2018 11:15:13.40 [8832:7204:1023/111513.226:ERROR:in_progress_cache_impl.cc(192)] Cache is not initialized, cannot RetrieveEntry.
Oct 23, 2018 11:15:13.41 [8832:7204:1023/111513.226:ERROR:in_progress_cache_impl.cc(192)] Cache is not initialized, cannot RetrieveEntry.
Oct 23, 2018 11:15:13.42 [8832:7204:1023/111513.226:ERROR:in_progress_cache_impl.cc(192)] Cache is not initialized, cannot RetrieveEntry.
Oct 23, 2018 11:15:13.43 [8832:7204:1023/111513.226:ERROR:in_progress_cache_impl.cc(192)] Cache is not initialized, cannot RetrieveEntry.
Oct 23, 2018 11:15:13.45 [8832:7204:1023/111513.226:ERROR:in_progress_cache_impl.cc(192)] Cache is not initialized, cannot RetrieveEntry.
Oct 23, 2018 11:15:13.51 [8832:7204:1023/111513.226:ERROR:in_progress_cache_impl.cc(192)] Cache is not initialized, cannot RetrieveEntry.
Oct 23, 2018 11:15:13.53 [8832:7204:1023/111513.226:ERROR:in_progress_cache_impl.cc(192)] Cache is not initialized, cannot RetrieveEntry.
Oct 23, 2018 11:15:13.56 [8832:7204:1023/111513.226:ERROR:in_progress_cache_impl.cc(192)] Cache is not initialized, cannot RetrieveEntry.
Oct 23, 2018 11:15:13.58 [8832:7204:1023/111513.226:ERROR:in_progress_cache_impl.cc(192)] Cache is not initialized, cannot RetrieveEntry.
Oct 23, 2018 11:15:13.60 [8832:7204:1023/111513.226:ERROR:in_progress_cache_impl.cc(192)] Cache is not initialized, cannot RetrieveEntry.
Oct 23, 2018 11:15:13.61 [8832:7204:1023/111513.226:ERROR:in_progress_cache_impl.cc(192)] Cache is not initialized, cannot RetrieveEntry.
Oct 23, 2018 11:15:13.62 [8832:7204:1023/111513.226:ERROR:in_progress_cache_impl.cc(192)] Cache is not initialized, cannot RetrieveEntry.
Oct 23, 2018 11:15:13.63 [8832:7204:1023/111513.226:ERROR:in_progress_cache_impl.cc(192)] Cache is not initialized, cannot RetrieveEntry.
Oct 23, 2018 11:15:13.65 [8832:7204:1023/111513.226:ERROR:in_progress_cache_impl.cc(192)] Cache is not initialized, cannot RetrieveEntry.
Oct 23, 2018 11:15:13.68 [8832:7204:1023/111513.226:ERROR:in_progress_cache_impl.cc(192)] Cache is not initialized, cannot RetrieveEntry.
Oct 23, 2018 11:15:13.70 [8832:7204:1023/111513.226:ERROR:in_progress_cache_impl.cc(192)] Cache is not initialized, cannot RetrieveEntry.
Oct 23, 2018 11:15:28.98 [8832:7636:1023/111528.984:ERROR:connection_factory_impl.cc(396)] Failed to connect to MCS endpoint with error -106
Oct 23, 2018 11:15:53.70 [8832:7636:1023/111553.706:ERROR:connection_factory_impl.cc(396)] Failed to connect to MCS endpoint with error -106
Oct 23, 2018 11:16:36.12 [8832:7204:1023/111636.120:ERROR:gcm_channel_status_request.cc(151)] GCM channel request failed.
Oct 23, 2018 11:16:50.07 [8832:7636:1023/111650.077:ERROR:connection_factory_impl.cc(396)] Failed to connect to MCS endpoint with error -106
Oct 23, 2018 11:16:57.63 [8832:7204:1023/111657.635:ERROR:gcm_channel_status_request.cc(151)] GCM channel request failed.
Oct 23, 2018 11:17:39.63 [8832:7204:1023/111739.632:ERROR:gcm_channel_status_request.cc(151)] GCM channel request failed.
Oct 23, 2018 11:18:21.68 [8832:7636:1023/111821.688:ERROR:connection_factory_impl.cc(396)] Failed to connect to MCS endpoint with error -106
Oct 23, 2018 11:19:33.14 [8832:7204:1023/111933.145:ERROR:gcm_channel_status_request.cc(151)] GCM channel request failed.
Oct 23, 2018 11:21:48.63 [8832:7636:1023/112148.631:ERROR:connection_factory_impl.cc(396)] Failed to connect to MCS endpoint with error -106
Oct 23, 2018 11:22:19.62 [8832:7204:1023/112219.622:ERROR:gcm_channel_status_request.cc(151)] GCM channel request failed.
Oct 23, 2018 11:27:24.89 [8832:7636:1023/112724.897:ERROR:ssl_client_socket_impl.cc(1050)] handshake failed; returned -1, SSL error code 1, net_error -101
Oct 23, 2018 11:27:24.91 [8832:7636:1023/112724.897:ERROR:connection_factory_impl.cc(396)] Failed to connect to MCS endpoint with error -101
Oct 23, 2018 11:28:24.44 [8832:7636:1023/112824.447:ERROR:ssl_client_socket_impl.cc(1050)] handshake failed; returned -1, SSL error code 1, net_error -101
Oct 23, 2018 11:28:32.55 [8832:7636:1023/112832.554:ERROR:connection_factory_impl.cc(396)] Failed to connect to MCS endpoint with error -106
Oct 23, 2018 11:31:28.65 [8832:7636:1023/113128.658:ERROR:shader_disk_cache.cc(257)] Failed to create shader cache entry: -2
Oct 23, 2018 11:38:32.55 [8832:7636:1023/113832.555:ERROR:connection_factory_impl.cc(396)] Failed to connect to MCS endpoint with error -106
Oct 23, 2018 12:00:05.64 [8832:7636:1023/120005.641:ERROR:connection_factory_impl.cc(396)] Failed to connect to MCS endpoint with error -106
Oct 23, 2018 12:00:29.59 [8832:7636:1023/120029.592:ERROR:connection_factory_impl.cc(396)] Failed to connect to MCS endpoint with error -106
Oct 23, 2018 12:01:16.62 [8832:7636:1023/120116.622:ERROR:connection_factory_impl.cc(396)] Failed to connect to MCS endpoint with error -106
Oct 23, 2018 12:02:51.14 [8832:7636:1023/120251.142:ERROR:connection_factory_impl.cc(396)] Failed to connect to MCS endpoint with error -106
Oct 23, 2018 12:06:28.99 [8832:7636:1023/120628.989:ERROR:connection_factory_impl.cc(396)] Failed to connect to MCS endpoint with error -106

Oct 24, 2018 23:29:39.49 NEW SESSION
Oct 24, 2018 23:29:39.49 [13032:10388:1024/232939.495:ERROR:connection_factory_impl.cc(396)] Failed to connect to MCS endpoint with error -105
Oct 24, 2018 23:29:46.65 [13032:10388:1024/232946.657:ERROR:connection_factory_impl.cc(396)] Failed to connect to MCS endpoint with error -106
Oct 24, 2018 23:30:23.69 [13032:3440:1024/233023.697:ERROR:gcm_channel_status_request.cc(151)] GCM channel request failed.
Oct 24, 2018 23:30:41.76 [13032:10388:1024/233041.761:ERROR:connection_factory_impl.cc(396)] Failed to connect to MCS endpoint with error -106
Oct 24, 2018 23:30:45.80 [13032:3440:1024/233045.805:ERROR:gcm_channel_status_request.cc(151)] GCM channel request failed.
Oct 24, 2018 23:31:34.36 [13032:3440:1024/233134.369:ERROR:gcm_channel_status_request.cc(151)] GCM channel request failed.
Oct 24, 2018 23:32:17.34 [13032:10388:1024/233217.343:ERROR:connection_factory_impl.cc(396)] Failed to connect to MCS endpoint with error -106
Oct 24, 2018 23:32:58.91 [13032:3440:1024/233258.910:ERROR:gcm_channel_status_request.cc(151)] GCM channel request failed.
